  [1m[36m (0.0ms)[0m  [1mselect sqlite_version(*)[0m
  [1m[35m (1.1ms)[0m  CREATE TABLE "schema_migrations" ("version" varchar(255) NOT NULL) 
  [1m[36m (0.0ms)[0m  [1mPRAGMA index_list("schema_migrations")[0m
  [1m[35m (0.6ms)[0m  CREATE UNIQUE INDEX "unique_schema_migrations" ON "schema_migrations" ("version")
  [1m[36m (0.1ms)[0m  [1mSELECT "schema_migrations"."version" FROM "schema_migrations" [0m
Migrating to CreateUsers (20120418170931)
  [1m[35m (0.0ms)[0m  begin transaction
  [1m[36m (0.3ms)[0m  [1mCREATE TABLE "users" ("id" INTEGER PRIMARY KEY AUTOINCREMENT NOT NULL, "name" varchar(255), "created_at" datetime NOT NULL, "updated_at" datetime NOT NULL) [0m
  [1m[35m (0.1ms)[0m  INSERT INTO "schema_migrations" ("version") VALUES ('20120418170931')
  [1m[36m (0.6ms)[0m  [1mcommit transaction[0m
Migrating to AddDeviseToUsers (20120418171204)
  [1m[35m (0.0ms)[0m  begin transaction
  [1m[36m (0.2ms)[0m  [1mALTER TABLE "users" ADD "email" varchar(255) DEFAULT '' NOT NULL[0m
  [1m[35m (0.1ms)[0m  ALTER TABLE "users" ADD "encrypted_password" varchar(255) DEFAULT '' NOT NULL
  [1m[36m (0.1ms)[0m  [1mALTER TABLE "users" ADD "reset_password_token" varchar(255)[0m
  [1m[35m (0.1ms)[0m  ALTER TABLE "users" ADD "reset_password_sent_at" datetime
  [1m[36m (0.1ms)[0m  [1mALTER TABLE "users" ADD "remember_created_at" datetime[0m
  [1m[35m (0.2ms)[0m  ALTER TABLE "users" ADD "sign_in_count" integer DEFAULT 0
  [1m[36m (0.1ms)[0m  [1mALTER TABLE "users" ADD "current_sign_in_at" datetime[0m
  [1m[35m (0.1ms)[0m  ALTER TABLE "users" ADD "last_sign_in_at" datetime
  [1m[36m (0.1ms)[0m  [1mALTER TABLE "users" ADD "current_sign_in_ip" varchar(255)[0m
  [1m[35m (0.1ms)[0m  ALTER TABLE "users" ADD "last_sign_in_ip" varchar(255)
  [1m[36m (0.0ms)[0m  [1mPRAGMA index_list("users")[0m
  [1m[35m (0.3ms)[0m  CREATE UNIQUE INDEX "index_users_on_email" ON "users" ("email")
  [1m[36m (0.0ms)[0m  [1mPRAGMA index_list("users")[0m
  [1m[35m (0.0ms)[0m  PRAGMA index_info('index_users_on_email')
  [1m[36m (0.1ms)[0m  [1mCREATE UNIQUE INDEX "index_users_on_reset_password_token" ON "users" ("reset_password_token")[0m
  [1m[35m (0.1ms)[0m  INSERT INTO "schema_migrations" ("version") VALUES ('20120418171204')
  [1m[36m (0.5ms)[0m  [1mcommit transaction[0m
Migrating to CreateStudents (20120418171225)
  [1m[35m (0.0ms)[0m  begin transaction
  [1m[36m (0.2ms)[0m  [1mCREATE TABLE "students" ("id" INTEGER PRIMARY KEY AUTOINCREMENT NOT NULL, "user_id" integer, "created_at" datetime NOT NULL, "updated_at" datetime NOT NULL) [0m
  [1m[35m (0.0ms)[0m  PRAGMA index_list("students")
  [1m[36m (0.1ms)[0m  [1mCREATE INDEX "index_students_on_user_id" ON "students" ("user_id")[0m
  [1m[35m (0.1ms)[0m  INSERT INTO "schema_migrations" ("version") VALUES ('20120418171225')
  [1m[36m (0.6ms)[0m  [1mcommit transaction[0m
Migrating to CreateTeachers (20120418171234)
  [1m[35m (0.0ms)[0m  begin transaction
  [1m[36m (0.2ms)[0m  [1mCREATE TABLE "teachers" ("id" INTEGER PRIMARY KEY AUTOINCREMENT NOT NULL, "user_id" integer, "created_at" datetime NOT NULL, "updated_at" datetime NOT NULL) [0m
  [1m[35m (0.0ms)[0m  PRAGMA index_list("teachers")
  [1m[36m (0.1ms)[0m  [1mCREATE INDEX "index_teachers_on_user_id" ON "teachers" ("user_id")[0m
  [1m[35m (0.1ms)[0m  INSERT INTO "schema_migrations" ("version") VALUES ('20120418171234')
  [1m[36m (0.5ms)[0m  [1mcommit transaction[0m
Migrating to CreateSubjects (20120418174022)
  [1m[35m (0.0ms)[0m  begin transaction
  [1m[36m (0.2ms)[0m  [1mCREATE TABLE "subjects" ("id" INTEGER PRIMARY KEY AUTOINCREMENT NOT NULL, "name" varchar(255), "created_at" datetime NOT NULL, "updated_at" datetime NOT NULL) [0m
  [1m[35m (0.1ms)[0m  INSERT INTO "schema_migrations" ("version") VALUES ('20120418174022')
  [1m[36m (0.6ms)[0m  [1mcommit transaction[0m
Migrating to CreateAbilities (20120418190124)
  [1m[35m (0.0ms)[0m  begin transaction
  [1m[36m (0.3ms)[0m  [1mCREATE TABLE "abilities" ("id" INTEGER PRIMARY KEY AUTOINCREMENT NOT NULL, "teacher_id" integer, "subject_id" integer, "created_at" datetime NOT NULL, "updated_at" datetime NOT NULL) [0m
  [1m[35m (0.1ms)[0m  INSERT INTO "schema_migrations" ("version") VALUES ('20120418190124')
  [1m[36m (0.5ms)[0m  [1mcommit transaction[0m
Migrating to CreateAdmins (20120421132703)
  [1m[35m (0.0ms)[0m  begin transaction
  [1m[36m (0.2ms)[0m  [1mCREATE TABLE "admins" ("id" INTEGER PRIMARY KEY AUTOINCREMENT NOT NULL, "user_id" integer, "created_at" datetime NOT NULL, "updated_at" datetime NOT NULL) [0m
  [1m[35m (0.0ms)[0m  PRAGMA index_list("admins")
  [1m[36m (0.1ms)[0m  [1mCREATE INDEX "index_admins_on_user_id" ON "admins" ("user_id")[0m
  [1m[35m (0.1ms)[0m  INSERT INTO "schema_migrations" ("version") VALUES ('20120421132703')
  [1m[36m (0.4ms)[0m  [1mcommit transaction[0m
Migrating to CreateKlasses (20120422121219)
  [1m[35m (0.0ms)[0m  begin transaction
  [1m[36m (0.2ms)[0m  [1mCREATE TABLE "klasses" ("id" INTEGER PRIMARY KEY AUTOINCREMENT NOT NULL, "name" varchar(255), "created_at" datetime NOT NULL, "updated_at" datetime NOT NULL) [0m
  [1m[35m (0.1ms)[0m  INSERT INTO "schema_migrations" ("version") VALUES ('20120422121219')
  [1m[36m (0.6ms)[0m  [1mcommit transaction[0m
Migrating to AddKlassToStudent (20120422121509)
  [1m[35m (0.0ms)[0m  begin transaction
  [1m[36m (0.2ms)[0m  [1mALTER TABLE "students" ADD "klass_id" integer[0m
  [1m[35m (0.0ms)[0m  PRAGMA index_list("students")
  [1m[36m (0.0ms)[0m  [1mPRAGMA index_info('index_students_on_user_id')[0m
  [1m[35m (0.1ms)[0m  CREATE INDEX "index_students_on_klass_id" ON "students" ("klass_id")
  [1m[36m (0.1ms)[0m  [1mINSERT INTO "schema_migrations" ("version") VALUES ('20120422121509')[0m
  [1m[35m (0.4ms)[0m  commit transaction
Migrating to CreateCompanies (20120422165630)
  [1m[36m (0.0ms)[0m  [1mbegin transaction[0m
  [1m[35m (0.2ms)[0m  CREATE TABLE "companies" ("id" INTEGER PRIMARY KEY AUTOINCREMENT NOT NULL, "name" varchar(255), "ad_rue" varchar(255), "ad_ville" varchar(255), "created_at" datetime NOT NULL, "updated_at" datetime NOT NULL) 
  [1m[36m (0.1ms)[0m  [1mINSERT INTO "schema_migrations" ("version") VALUES ('20120422165630')[0m
  [1m[35m (0.5ms)[0m  commit transaction
Migrating to CreateContractTypes (20120422195932)
  [1m[36m (0.0ms)[0m  [1mbegin transaction[0m
  [1m[35m (0.3ms)[0m  CREATE TABLE "contract_types" ("id" INTEGER PRIMARY KEY AUTOINCREMENT NOT NULL, "libelle" varchar(255), "created_at" datetime NOT NULL, "updated_at" datetime NOT NULL) 
  [1m[36m (0.1ms)[0m  [1mINSERT INTO "schema_migrations" ("version") VALUES ('20120422195932')[0m
  [1m[35m (0.5ms)[0m  commit transaction
Migrating to CreateContracts (20120424181510)
  [1m[36m (0.0ms)[0m  [1mbegin transaction[0m
  [1m[35m (0.2ms)[0m  CREATE TABLE "contracts" ("id" INTEGER PRIMARY KEY AUTOINCREMENT NOT NULL, "date_debut" datetime, "date_fin" datetime, "created_at" datetime NOT NULL, "updated_at" datetime NOT NULL) 
  [1m[36m (0.1ms)[0m  [1mINSERT INTO "schema_migrations" ("version") VALUES ('20120424181510')[0m
  [1m[35m (0.5ms)[0m  commit transaction
Migrating to CreateSupervisors (20120425181455)
  [1m[36m (0.1ms)[0m  [1mbegin transaction[0m
  [1m[35m (0.4ms)[0m  CREATE TABLE "supervisors" ("id" INTEGER PRIMARY KEY AUTOINCREMENT NOT NULL, "user_id" integer, "created_at" datetime NOT NULL, "updated_at" datetime NOT NULL) 
  [1m[36m (0.0ms)[0m  [1mPRAGMA index_list("supervisors")[0m
  [1m[35m (0.2ms)[0m  CREATE INDEX "index_supervisors_on_user_id" ON "supervisors" ("user_id")
  [1m[36m (0.1ms)[0m  [1mINSERT INTO "schema_migrations" ("version") VALUES ('20120425181455')[0m
  [1m[35m (0.5ms)[0m  commit transaction
Migrating to CreateRooms (20120425193154)
  [1m[36m (0.0ms)[0m  [1mbegin transaction[0m
  [1m[35m (0.3ms)[0m  CREATE TABLE "rooms" ("id" INTEGER PRIMARY KEY AUTOINCREMENT NOT NULL, "name" varchar(255), "nb_places" integer, "nb_computers" integer, "created_at" datetime NOT NULL, "updated_at" datetime NOT NULL) 
  [1m[36m (0.1ms)[0m  [1mINSERT INTO "schema_migrations" ("version") VALUES ('20120425193154')[0m
  [1m[35m (0.7ms)[0m  commit transaction
Migrating to CreateLessons (20120503093537)
  [1m[36m (0.0ms)[0m  [1mbegin transaction[0m
  [1m[35m (0.2ms)[0m  CREATE TABLE "lessons" ("id" INTEGER PRIMARY KEY AUTOINCREMENT NOT NULL, "date_hour_start" datetime, "date_hour_end" datetime, "subject_id" integer, "room_id" integer, "klass_id" integer, "teacher_id" integer, "created_at" datetime NOT NULL, "updated_at" datetime NOT NULL) 
  [1m[36m (0.0ms)[0m  [1mPRAGMA index_list("lessons")[0m
  [1m[35m (0.1ms)[0m  CREATE INDEX "index_lessons_on_subject_id" ON "lessons" ("subject_id")
  [1m[36m (0.1ms)[0m  [1mPRAGMA index_list("lessons")[0m
  [1m[35m (0.0ms)[0m  PRAGMA index_info('index_lessons_on_subject_id')
  [1m[36m (0.1ms)[0m  [1mCREATE INDEX "index_lessons_on_room_id" ON "lessons" ("room_id")[0m
  [1m[35m (0.0ms)[0m  PRAGMA index_list("lessons")
  [1m[36m (0.0ms)[0m  [1mPRAGMA index_info('index_lessons_on_room_id')[0m
  [1m[35m (0.0ms)[0m  PRAGMA index_info('index_lessons_on_subject_id')
  [1m[36m (0.1ms)[0m  [1mCREATE INDEX "index_lessons_on_klass_id" ON "lessons" ("klass_id")[0m
  [1m[35m (0.0ms)[0m  PRAGMA index_list("lessons")
  [1m[36m (0.0ms)[0m  [1mPRAGMA index_info('index_lessons_on_klass_id')[0m
  [1m[35m (0.0ms)[0m  PRAGMA index_info('index_lessons_on_room_id')
  [1m[36m (0.0ms)[0m  [1mPRAGMA index_info('index_lessons_on_subject_id')[0m
  [1m[35m (0.1ms)[0m  CREATE INDEX "index_lessons_on_teacher_id" ON "lessons" ("teacher_id")
  [1m[36m (0.1ms)[0m  [1mINSERT INTO "schema_migrations" ("version") VALUES ('20120503093537')[0m
  [1m[35m (0.5ms)[0m  commit transaction
Migrating to CreateAbsences (20120511153202)
  [1m[36m (0.0ms)[0m  [1mbegin transaction[0m
  [1m[35m (0.3ms)[0m  CREATE TABLE "absences" ("id" INTEGER PRIMARY KEY AUTOINCREMENT NOT NULL, "justificative" varchar(255), "student_id" integer, "created_at" datetime NOT NULL, "updated_at" datetime NOT NULL) 
  [1m[36m (0.0ms)[0m  [1mPRAGMA index_list("absences")[0m
  [1m[35m (0.1ms)[0m  CREATE INDEX "index_absences_on_student_id" ON "absences" ("student_id")
  [1m[36m (0.1ms)[0m  [1mINSERT INTO "schema_migrations" ("version") VALUES ('20120511153202')[0m
  [1m[35m (0.5ms)[0m  commit transaction
  [1m[36m (0.4ms)[0m  [1mselect sqlite_version(*)[0m
  [1m[35m (0.1ms)[0m  SELECT "schema_migrations"."version" FROM "schema_migrations" 
  [1m[36m (0.0ms)[0m  [1mPRAGMA index_list("abilities")[0m
  [1m[35m (0.0ms)[0m  PRAGMA index_list("absences")
  [1m[36m (0.0ms)[0m  [1mPRAGMA index_info('index_absences_on_student_id')[0m
  [1m[35m (0.0ms)[0m  PRAGMA index_list("admins")
  [1m[36m (0.0ms)[0m  [1mPRAGMA index_info('index_admins_on_user_id')[0m
  [1m[35m (0.0ms)[0m  PRAGMA index_list("companies")
  [1m[36m (0.0ms)[0m  [1mPRAGMA index_list("contract_types")[0m
  [1m[35m (0.0ms)[0m  PRAGMA index_list("contracts")
  [1m[36m (0.0ms)[0m  [1mPRAGMA index_list("klasses")[0m
  [1m[35m (0.0ms)[0m  PRAGMA index_list("lessons")
  [1m[36m (0.0ms)[0m  [1mPRAGMA index_info('index_lessons_on_teacher_id')[0m
  [1m[35m (0.0ms)[0m  PRAGMA index_info('index_lessons_on_klass_id')
  [1m[36m (0.0ms)[0m  [1mPRAGMA index_info('index_lessons_on_room_id')[0m
  [1m[35m (0.0ms)[0m  PRAGMA index_info('index_lessons_on_subject_id')
  [1m[36m (0.0ms)[0m  [1mPRAGMA index_list("rooms")[0m
  [1m[35m (0.0ms)[0m  PRAGMA index_list("students")
  [1m[36m (0.0ms)[0m  [1mPRAGMA index_info('index_students_on_klass_id')[0m
  [1m[35m (0.0ms)[0m  PRAGMA index_info('index_students_on_user_id')
  [1m[36m (0.0ms)[0m  [1mPRAGMA index_list("subjects")[0m
  [1m[35m (0.0ms)[0m  PRAGMA index_list("supervisors")
  [1m[36m (0.0ms)[0m  [1mPRAGMA index_info('index_supervisors_on_user_id')[0m
  [1m[35m (0.0ms)[0m  PRAGMA index_list("teachers")
  [1m[36m (0.0ms)[0m  [1mPRAGMA index_info('index_teachers_on_user_id')[0m
  [1m[35m (0.0ms)[0m  PRAGMA index_list("users")
  [1m[36m (0.0ms)[0m  [1mPRAGMA index_info('index_users_on_reset_password_token')[0m
  [1m[35m (0.0ms)[0m  PRAGMA index_info('index_users_on_email')
  [1m[36m (0.1ms)[0m  [1mSELECT "schema_migrations"."version" FROM "schema_migrations" [0m
  [1m[35m (0.1ms)[0m  begin transaction
  [1m[36mUser Exists (0.1ms)[0m  [1mSELECT 1 FROM "users" WHERE "users"."email" = 'admin@mail.com' LIMIT 1[0m
Binary data inserted for `string` type on column `encrypted_password`
  [1m[35mSQL (1.2ms)[0m  INSERT INTO "users" ("created_at", "current_sign_in_at", "current_sign_in_ip", "email", "encrypted_password", "last_sign_in_at", "last_sign_in_ip", "name", "remember_created_at", "reset_password_sent_at", "reset_password_token", "sign_in_count", "updated_at") VALUES (?, ?, ?, ?, ?, ?, ?, ?, ?, ?, ?, ?, ?)  [["created_at", Tue, 15 May 2012 19:08:05 UTC +00:00], ["current_sign_in_at", nil], ["current_sign_in_ip", nil], ["email", "admin@mail.com"], ["encrypted_password", "$2a$10$72WKpIHj/BOapCHahU6Oq.6mxBWazuUmGFYK7wbrSnDXGJJLhfq5G"], ["last_sign_in_at", nil], ["last_sign_in_ip", nil], ["name", "admin"], ["remember_created_at", nil], ["reset_password_sent_at", nil], ["reset_password_token", nil], ["sign_in_count", 0], ["updated_at", Tue, 15 May 2012 19:08:05 UTC +00:00]]
  [1m[36m (2.8ms)[0m  [1mcommit transaction[0m
  [1m[35m (0.1ms)[0m  begin transaction
  [1m[36mSQL (0.3ms)[0m  [1mINSERT INTO "admins" ("created_at", "updated_at", "user_id") VALUES (?, ?, ?)[0m  [["created_at", Tue, 15 May 2012 19:08:05 UTC +00:00], ["updated_at", Tue, 15 May 2012 19:08:05 UTC +00:00], ["user_id", 1]]
  [1m[35m (0.6ms)[0m  commit transaction
  [1m[36m (0.0ms)[0m  [1mbegin transaction[0m
  [1m[35mSQL (0.3ms)[0m  INSERT INTO "klasses" ("created_at", "name", "updated_at") VALUES (?, ?, ?)  [["created_at", Tue, 15 May 2012 19:08:05 UTC +00:00], ["name", "ING2"], ["updated_at", Tue, 15 May 2012 19:08:05 UTC +00:00]]
  [1m[36m (0.8ms)[0m  [1mcommit transaction[0m
  [1m[35m (0.0ms)[0m  begin transaction
  [1m[36mSQL (0.4ms)[0m  [1mINSERT INTO "rooms" ("created_at", "name", "nb_computers", "nb_places", "updated_at") VALUES (?, ?, ?, ?, ?)[0m  [["created_at", Tue, 15 May 2012 19:08:05 UTC +00:00], ["name", "1.6"], ["nb_computers", 40], ["nb_places", 40], ["updated_at", Tue, 15 May 2012 19:08:05 UTC +00:00]]
  [1m[35m (0.6ms)[0m  commit transaction
  [1m[36m (0.0ms)[0m  [1mbegin transaction[0m
  [1m[35mSQL (0.3ms)[0m  INSERT INTO "subjects" ("created_at", "name", "updated_at") VALUES (?, ?, ?)  [["created_at", Tue, 15 May 2012 19:08:05 UTC +00:00], ["name", "Ruby"], ["updated_at", Tue, 15 May 2012 19:08:05 UTC +00:00]]
  [1m[36m (0.6ms)[0m  [1mcommit transaction[0m


Started GET "/" for 127.0.0.1 at 2012-05-15 21:08:20 +0200
Processing by StudentsController#index as HTML
  [1m[36mUser Load (0.1ms)[0m  [1mSELECT "users".* FROM "users" WHERE "users"."id" = 1 LIMIT 1[0m
Completed 401 Unauthorized in 56ms


Started GET "/users/sign_in" for 127.0.0.1 at 2012-05-15 21:08:20 +0200
Processing by Devise::SessionsController#new as HTML
  Rendered /usr/local/rvm/gems/ruby-1.9.3-p194/gems/devise-2.0.4/app/views/devise/_links.erb (1.2ms)
  Rendered /usr/local/rvm/gems/ruby-1.9.3-p194/gems/devise-2.0.4/app/views/devise/sessions/new.html.erb within layouts/application (8.5ms)
Compiled application.css  (9ms)  (pid 7064)
Compiled jquery.js  (1ms)  (pid 7064)
Compiled jquery_ujs.js  (0ms)  (pid 7064)
Compiled application.js  (35ms)  (pid 7064)
Completed 200 OK in 142ms (Views: 141.1ms | ActiveRecord: 0.0ms)


Started GET "/assets/companies.css?body=1" for 127.0.0.1 at 2012-05-15 21:08:20 +0200
Served asset /companies.css - 304 Not Modified (27ms)


Started GET "/assets/contract_types.css?body=1" for 127.0.0.1 at 2012-05-15 21:08:20 +0200
Served asset /contract_types.css - 304 Not Modified (2ms)


Started GET "/assets/application.css?body=1" for 127.0.0.1 at 2012-05-15 21:08:20 +0200
Served asset /application.css - 304 Not Modified (13ms)


Started GET "/assets/klasses.css?body=1" for 127.0.0.1 at 2012-05-15 21:08:20 +0200
Served asset /klasses.css - 304 Not Modified (1ms)


Started GET "/assets/bootstrap_and_overrides.css?body=1" for 127.0.0.1 at 2012-05-15 21:08:20 +0200
Served asset /bootstrap_and_overrides.css - 304 Not Modified (5ms)


Started GET "/assets/contracts.css?body=1" for 127.0.0.1 at 2012-05-15 21:08:20 +0200
Served asset /contracts.css - 304 Not Modified (1ms)


Started GET "/assets/students.css?body=1" for 127.0.0.1 at 2012-05-15 21:08:20 +0200
Served asset /students.css - 304 Not Modified (1ms)


Started GET "/assets/subjects.css?body=1" for 127.0.0.1 at 2012-05-15 21:08:20 +0200
Served asset /subjects.css - 304 Not Modified (1ms)


Started GET "/assets/supervisors.css?body=1" for 127.0.0.1 at 2012-05-15 21:08:20 +0200
Served asset /supervisors.css - 304 Not Modified (1ms)


Started GET "/assets/teachers.css?body=1" for 127.0.0.1 at 2012-05-15 21:08:20 +0200
Served asset /teachers.css - 304 Not Modified (1ms)


Started GET "/assets/twitter/bootstrap/bootstrap-transition.js?body=1" for 127.0.0.1 at 2012-05-15 21:08:20 +0200
Served asset /twitter/bootstrap/bootstrap-transition.js - 304 Not Modified (3ms)


Started GET "/assets/twitter/bootstrap/bootstrap-modal.js?body=1" for 127.0.0.1 at 2012-05-15 21:08:20 +0200
Served asset /twitter/bootstrap/bootstrap-modal.js - 304 Not Modified (3ms)


Started GET "/assets/twitter/bootstrap/bootstrap-alert.js?body=1" for 127.0.0.1 at 2012-05-15 21:08:20 +0200
Served asset /twitter/bootstrap/bootstrap-alert.js - 304 Not Modified (2ms)


Started GET "/assets/twitter/bootstrap/bootstrap-dropdown.js?body=1" for 127.0.0.1 at 2012-05-15 21:08:20 +0200
Served asset /twitter/bootstrap/bootstrap-dropdown.js - 304 Not Modified (5ms)


Started GET "/assets/twitter/bootstrap/bootstrap-scrollspy.js?body=1" for 127.0.0.1 at 2012-05-15 21:08:20 +0200
Served asset /twitter/bootstrap/bootstrap-scrollspy.js - 304 Not Modified (31ms)


Started GET "/assets/twitter/bootstrap/bootstrap-tab.js?body=1" for 127.0.0.1 at 2012-05-15 21:08:20 +0200
Served asset /twitter/bootstrap/bootstrap-tab.js - 304 Not Modified (2ms)


Started GET "/assets/twitter/bootstrap/bootstrap-tooltip.js?body=1" for 127.0.0.1 at 2012-05-15 21:08:20 +0200
Served asset /twitter/bootstrap/bootstrap-tooltip.js - 304 Not Modified (2ms)


Started GET "/assets/twitter/bootstrap/bootstrap-collapse.js?body=1" for 127.0.0.1 at 2012-05-15 21:08:20 +0200
Served asset /twitter/bootstrap/bootstrap-collapse.js - 304 Not Modified (2ms)


Started GET "/users/sign_in" for 127.0.0.1 at 2012-05-15 21:08:23 +0200
Processing by Devise::SessionsController#new as HTML
  Rendered /usr/local/rvm/gems/ruby-1.9.3-p194/gems/devise-2.0.4/app/views/devise/_links.erb (0.3ms)
  Rendered /usr/local/rvm/gems/ruby-1.9.3-p194/gems/devise-2.0.4/app/views/devise/sessions/new.html.erb within layouts/application (2.8ms)
Completed 200 OK in 19ms (Views: 18.1ms | ActiveRecord: 0.0ms)


Started GET "/assets/companies.css?body=1" for 127.0.0.1 at 2012-05-15 21:08:23 +0200
Served asset /companies.css - 304 Not Modified (0ms)


Started GET "/assets/application.css?body=1" for 127.0.0.1 at 2012-05-15 21:08:23 +0200
Served asset /application.css - 304 Not Modified (5ms)


Started GET "/assets/bootstrap_and_overrides.css?body=1" for 127.0.0.1 at 2012-05-15 21:08:23 +0200
Served asset /bootstrap_and_overrides.css - 304 Not Modified (0ms)


Started GET "/assets/absences.css?body=1" for 127.0.0.1 at 2012-05-15 21:08:23 +0200
Served asset /absences.css - 304 Not Modified (1ms)


Started GET "/assets/contract_types.css?body=1" for 127.0.0.1 at 2012-05-15 21:08:23 +0200
Served asset /contract_types.css - 304 Not Modified (0ms)


Started GET "/assets/contracts.css?body=1" for 127.0.0.1 at 2012-05-15 21:08:23 +0200
Served asset /contracts.css - 304 Not Modified (0ms)


Started GET "/assets/klasses.css?body=1" for 127.0.0.1 at 2012-05-15 21:08:23 +0200
Served asset /klasses.css - 304 Not Modified (0ms)


Started GET "/assets/lessons.css?body=1" for 127.0.0.1 at 2012-05-15 21:08:23 +0200
Served asset /lessons.css - 304 Not Modified (2ms)


Started GET "/assets/subjects.css?body=1" for 127.0.0.1 at 2012-05-15 21:08:23 +0200
Served asset /subjects.css - 304 Not Modified (0ms)


Started GET "/assets/supervisors.css?body=1" for 127.0.0.1 at 2012-05-15 21:08:23 +0200
Served asset /supervisors.css - 304 Not Modified (1ms)


Started GET "/assets/students.css?body=1" for 127.0.0.1 at 2012-05-15 21:08:23 +0200
Served asset /students.css - 304 Not Modified (0ms)


Started GET "/assets/rooms.css?body=1" for 127.0.0.1 at 2012-05-15 21:08:23 +0200
Served asset /rooms.css - 304 Not Modified (3ms)


Started GET "/assets/teachers.css?body=1" for 127.0.0.1 at 2012-05-15 21:08:23 +0200
Served asset /teachers.css - 304 Not Modified (0ms)


Started GET "/assets/jquery.js?body=1" for 127.0.0.1 at 2012-05-15 21:08:23 +0200
Served asset /jquery.js - 200 OK (4ms)


Started GET "/assets/jquery_ujs.js?body=1" for 127.0.0.1 at 2012-05-15 21:08:23 +0200
Served asset /jquery_ujs.js - 200 OK (2ms)


Started GET "/assets/twitter/bootstrap/bootstrap-transition.js?body=1" for 127.0.0.1 at 2012-05-15 21:08:23 +0200
Served asset /twitter/bootstrap/bootstrap-transition.js - 304 Not Modified (0ms)


Started GET "/assets/twitter/bootstrap/bootstrap-alert.js?body=1" for 127.0.0.1 at 2012-05-15 21:08:23 +0200
Served asset /twitter/bootstrap/bootstrap-alert.js - 304 Not Modified (0ms)


Started GET "/assets/twitter/bootstrap/bootstrap-dropdown.js?body=1" for 127.0.0.1 at 2012-05-15 21:08:23 +0200
Served asset /twitter/bootstrap/bootstrap-dropdown.js - 304 Not Modified (0ms)


Started GET "/assets/twitter/bootstrap/bootstrap-modal.js?body=1" for 127.0.0.1 at 2012-05-15 21:08:23 +0200
Served asset /twitter/bootstrap/bootstrap-modal.js - 304 Not Modified (0ms)


Started GET "/assets/twitter/bootstrap/bootstrap-scrollspy.js?body=1" for 127.0.0.1 at 2012-05-15 21:08:23 +0200
Served asset /twitter/bootstrap/bootstrap-scrollspy.js - 304 Not Modified (0ms)


Started GET "/assets/twitter/bootstrap/bootstrap-tooltip.js?body=1" for 127.0.0.1 at 2012-05-15 21:08:23 +0200
Served asset /twitter/bootstrap/bootstrap-tooltip.js - 304 Not Modified (0ms)


Started GET "/assets/twitter/bootstrap/bootstrap-tab.js?body=1" for 127.0.0.1 at 2012-05-15 21:08:23 +0200
Served asset /twitter/bootstrap/bootstrap-tab.js - 304 Not Modified (0ms)


Started GET "/assets/twitter/bootstrap/bootstrap-button.js?body=1" for 127.0.0.1 at 2012-05-15 21:08:23 +0200
Served asset /twitter/bootstrap/bootstrap-button.js - 304 Not Modified (2ms)


Started GET "/assets/twitter/bootstrap/bootstrap-popover.js?body=1" for 127.0.0.1 at 2012-05-15 21:08:23 +0200
Served asset /twitter/bootstrap/bootstrap-popover.js - 304 Not Modified (2ms)


Started GET "/assets/twitter/bootstrap/bootstrap-collapse.js?body=1" for 127.0.0.1 at 2012-05-15 21:08:23 +0200
Served asset /twitter/bootstrap/bootstrap-collapse.js - 304 Not Modified (0ms)


Started GET "/assets/twitter/bootstrap/bootstrap-carousel.js?body=1" for 127.0.0.1 at 2012-05-15 21:08:23 +0200
Served asset /twitter/bootstrap/bootstrap-carousel.js - 304 Not Modified (2ms)


Started GET "/assets/twitter/bootstrap.js?body=1" for 127.0.0.1 at 2012-05-15 21:08:23 +0200
Served asset /twitter/bootstrap.js - 304 Not Modified (12ms)


Started GET "/assets/absences.js?body=1" for 127.0.0.1 at 2012-05-15 21:08:23 +0200
Served asset /absences.js - 304 Not Modified (1ms)


Started GET "/assets/twitter/bootstrap/bootstrap-typeahead.js?body=1" for 127.0.0.1 at 2012-05-15 21:08:23 +0200
Served asset /twitter/bootstrap/bootstrap-typeahead.js - 304 Not Modified (2ms)


Started GET "/assets/bootstrap.js?body=1" for 127.0.0.1 at 2012-05-15 21:08:23 +0200
Served asset /bootstrap.js - 304 Not Modified (3ms)


Started GET "/assets/companies.js?body=1" for 127.0.0.1 at 2012-05-15 21:08:23 +0200
Served asset /companies.js - 304 Not Modified (1ms)


Started GET "/assets/contract_types.js?body=1" for 127.0.0.1 at 2012-05-15 21:08:23 +0200
Served asset /contract_types.js - 304 Not Modified (1ms)


Started GET "/assets/contracts.js?body=1" for 127.0.0.1 at 2012-05-15 21:08:23 +0200
Served asset /contracts.js - 304 Not Modified (2ms)


Started GET "/assets/klasses.js?body=1" for 127.0.0.1 at 2012-05-15 21:08:23 +0200
Served asset /klasses.js - 304 Not Modified (1ms)


Started GET "/assets/lessons.js?body=1" for 127.0.0.1 at 2012-05-15 21:08:23 +0200
Served asset /lessons.js - 304 Not Modified (3ms)


Started GET "/assets/rooms.js?body=1" for 127.0.0.1 at 2012-05-15 21:08:23 +0200
Served asset /rooms.js - 304 Not Modified (3ms)


Started GET "/assets/students.js?body=1" for 127.0.0.1 at 2012-05-15 21:08:23 +0200
Served asset /students.js - 304 Not Modified (1ms)


Started GET "/assets/supervisors.js?body=1" for 127.0.0.1 at 2012-05-15 21:08:23 +0200
Served asset /supervisors.js - 304 Not Modified (1ms)


Started GET "/assets/subjects.js?body=1" for 127.0.0.1 at 2012-05-15 21:08:23 +0200
Served asset /subjects.js - 304 Not Modified (1ms)


Started GET "/assets/teachers.js?body=1" for 127.0.0.1 at 2012-05-15 21:08:23 +0200
Served asset /teachers.js - 304 Not Modified (1ms)


Started GET "/assets/application.js?body=1" for 127.0.0.1 at 2012-05-15 21:08:23 +0200
Served asset /application.js - 304 Not Modified (16ms)


Started POST "/users/sign_in" for 127.0.0.1 at 2012-05-15 21:08:31 +0200
Processing by Devise::SessionsController#create as HTML
  Parameters: {"utf8"=>"✓", "authenticity_token"=>"eNrtzEy+MnmB+JV3/rU8FDMLCmyOjN5/Ya2DgisaZ90=", "user"=>{"email"=>"admin@mail.com", "password"=>"[FILTERED]", "remember_me"=>"0"}, "commit"=>"Sign in"}
  [1m[35mUser Load (0.2ms)[0m  SELECT "users".* FROM "users" WHERE "users"."email" = 'admin@mail.com' LIMIT 1
  [1m[36m (0.1ms)[0m  [1mbegin transaction[0m
  [1m[35m (0.3ms)[0m  UPDATE "users" SET "last_sign_in_at" = '2012-05-15 19:08:32.055350', "current_sign_in_at" = '2012-05-15 19:08:32.055350', "last_sign_in_ip" = '127.0.0.1', "current_sign_in_ip" = '127.0.0.1', "sign_in_count" = 1, "updated_at" = '2012-05-15 19:08:32.056161' WHERE "users"."id" = 1
  [1m[36m (0.6ms)[0m  [1mcommit transaction[0m
Redirected to http://localhost:3000/
Completed 302 Found in 84ms (ActiveRecord: 0.0ms)


Started GET "/" for 127.0.0.1 at 2012-05-15 21:08:32 +0200
Processing by StudentsController#index as HTML
  [1m[35mUser Load (0.1ms)[0m  SELECT "users".* FROM "users" WHERE "users"."id" = 1 LIMIT 1
  [1m[36mStudent Load (0.1ms)[0m  [1mSELECT "students".* FROM "students" [0m
  Rendered students/index.html.erb within layouts/application (1.3ms)
  [1m[35mAdmin Load (0.1ms)[0m  SELECT "admins".* FROM "admins" WHERE "admins"."user_id" = 1 LIMIT 1
  [1m[36mCACHE (0.0ms)[0m  [1mSELECT "admins".* FROM "admins" WHERE "admins"."user_id" = 1 LIMIT 1[0m
  [1m[35mCACHE (0.0ms)[0m  SELECT "admins".* FROM "admins" WHERE "admins"."user_id" = 1 LIMIT 1
  [1m[36mCACHE (0.0ms)[0m  [1mSELECT "admins".* FROM "admins" WHERE "admins"."user_id" = 1 LIMIT 1[0m
Completed 200 OK in 25ms (Views: 22.8ms | ActiveRecord: 0.6ms)


Started GET "/assets/application.css?body=1" for 127.0.0.1 at 2012-05-15 21:08:32 +0200
Served asset /application.css - 304 Not Modified (34ms)


Started GET "/assets/contract_types.css?body=1" for 127.0.0.1 at 2012-05-15 21:08:32 +0200
Served asset /contract_types.css - 304 Not Modified (0ms)


Started GET "/assets/absences.css?body=1" for 127.0.0.1 at 2012-05-15 21:08:32 +0200
Served asset /absences.css - 304 Not Modified (0ms)


Started GET "/assets/companies.css?body=1" for 127.0.0.1 at 2012-05-15 21:08:32 +0200
Served asset /companies.css - 304 Not Modified (1ms)


Started GET "/assets/contracts.css?body=1" for 127.0.0.1 at 2012-05-15 21:08:32 +0200
Served asset /contracts.css - 304 Not Modified (1ms)


Started GET "/assets/bootstrap_and_overrides.css?body=1" for 127.0.0.1 at 2012-05-15 21:08:32 +0200
Served asset /bootstrap_and_overrides.css - 304 Not Modified (0ms)


Started GET "/assets/klasses.css?body=1" for 127.0.0.1 at 2012-05-15 21:08:32 +0200
Served asset /klasses.css - 304 Not Modified (2ms)


Started GET "/assets/lessons.css?body=1" for 127.0.0.1 at 2012-05-15 21:08:32 +0200
Served asset /lessons.css - 304 Not Modified (0ms)


Started GET "/assets/rooms.css?body=1" for 127.0.0.1 at 2012-05-15 21:08:32 +0200
Served asset /rooms.css - 304 Not Modified (0ms)


Started GET "/assets/students.css?body=1" for 127.0.0.1 at 2012-05-15 21:08:32 +0200
Served asset /students.css - 304 Not Modified (0ms)


Started GET "/assets/subjects.css?body=1" for 127.0.0.1 at 2012-05-15 21:08:32 +0200
Served asset /subjects.css - 304 Not Modified (0ms)


Started GET "/assets/twitter/bootstrap/bootstrap-alert.js?body=1" for 127.0.0.1 at 2012-05-15 21:08:32 +0200
Served asset /twitter/bootstrap/bootstrap-alert.js - 304 Not Modified (0ms)


Started GET "/assets/twitter/bootstrap/bootstrap-transition.js?body=1" for 127.0.0.1 at 2012-05-15 21:08:32 +0200
Served asset /twitter/bootstrap/bootstrap-transition.js - 304 Not Modified (0ms)


Started GET "/assets/supervisors.css?body=1" for 127.0.0.1 at 2012-05-15 21:08:32 +0200
Served asset /supervisors.css - 304 Not Modified (1ms)


Started GET "/assets/teachers.css?body=1" for 127.0.0.1 at 2012-05-15 21:08:32 +0200
Served asset /teachers.css - 304 Not Modified (1ms)


Started GET "/assets/twitter/bootstrap/bootstrap-dropdown.js?body=1" for 127.0.0.1 at 2012-05-15 21:08:32 +0200
Served asset /twitter/bootstrap/bootstrap-dropdown.js - 304 Not Modified (0ms)


Started GET "/assets/twitter/bootstrap/bootstrap-modal.js?body=1" for 127.0.0.1 at 2012-05-15 21:08:32 +0200
Served asset /twitter/bootstrap/bootstrap-modal.js - 304 Not Modified (0ms)


Started GET "/assets/twitter/bootstrap/bootstrap-scrollspy.js?body=1" for 127.0.0.1 at 2012-05-15 21:08:32 +0200
Served asset /twitter/bootstrap/bootstrap-scrollspy.js - 304 Not Modified (0ms)


Started GET "/assets/twitter/bootstrap/bootstrap-tab.js?body=1" for 127.0.0.1 at 2012-05-15 21:08:32 +0200
Served asset /twitter/bootstrap/bootstrap-tab.js - 304 Not Modified (0ms)


Started GET "/assets/twitter/bootstrap/bootstrap-tooltip.js?body=1" for 127.0.0.1 at 2012-05-15 21:08:32 +0200
Served asset /twitter/bootstrap/bootstrap-tooltip.js - 304 Not Modified (0ms)


Started GET "/assets/twitter/bootstrap/bootstrap-collapse.js?body=1" for 127.0.0.1 at 2012-05-15 21:08:32 +0200
Served asset /twitter/bootstrap/bootstrap-collapse.js - 304 Not Modified (0ms)


Started GET "/assets/twitter/bootstrap/bootstrap-popover.js?body=1" for 127.0.0.1 at 2012-05-15 21:08:32 +0200
Served asset /twitter/bootstrap/bootstrap-popover.js - 304 Not Modified (0ms)


Started GET "/assets/twitter/bootstrap/bootstrap-typeahead.js?body=1" for 127.0.0.1 at 2012-05-15 21:08:32 +0200
Served asset /twitter/bootstrap/bootstrap-typeahead.js - 304 Not Modified (0ms)


Started GET "/assets/twitter/bootstrap/bootstrap-button.js?body=1" for 127.0.0.1 at 2012-05-15 21:08:32 +0200
Served asset /twitter/bootstrap/bootstrap-button.js - 304 Not Modified (0ms)


Started GET "/assets/twitter/bootstrap/bootstrap-carousel.js?body=1" for 127.0.0.1 at 2012-05-15 21:08:32 +0200
Served asset /twitter/bootstrap/bootstrap-carousel.js - 304 Not Modified (0ms)


Started GET "/assets/twitter/bootstrap.js?body=1" for 127.0.0.1 at 2012-05-15 21:08:32 +0200
Served asset /twitter/bootstrap.js - 304 Not Modified (0ms)


Started GET "/assets/absences.js?body=1" for 127.0.0.1 at 2012-05-15 21:08:32 +0200
Served asset /absences.js - 304 Not Modified (1ms)


Started GET "/assets/companies.js?body=1" for 127.0.0.1 at 2012-05-15 21:08:32 +0200
Served asset /companies.js - 304 Not Modified (1ms)


Started GET "/assets/bootstrap.js?body=1" for 127.0.0.1 at 2012-05-15 21:08:32 +0200
Served asset /bootstrap.js - 304 Not Modified (1ms)


Started GET "/assets/contract_types.js?body=1" for 127.0.0.1 at 2012-05-15 21:08:32 +0200
Served asset /contract_types.js - 304 Not Modified (1ms)


Started GET "/assets/contracts.js?body=1" for 127.0.0.1 at 2012-05-15 21:08:32 +0200
Served asset /contracts.js - 304 Not Modified (1ms)


Started GET "/assets/klasses.js?body=1" for 127.0.0.1 at 2012-05-15 21:08:32 +0200
Served asset /klasses.js - 304 Not Modified (0ms)


Started GET "/assets/lessons.js?body=1" for 127.0.0.1 at 2012-05-15 21:08:32 +0200
Served asset /lessons.js - 304 Not Modified (0ms)


Started GET "/assets/rooms.js?body=1" for 127.0.0.1 at 2012-05-15 21:08:32 +0200
Served asset /rooms.js - 304 Not Modified (0ms)


Started GET "/assets/students.js?body=1" for 127.0.0.1 at 2012-05-15 21:08:32 +0200
Served asset /students.js - 304 Not Modified (1ms)


Started GET "/assets/subjects.js?body=1" for 127.0.0.1 at 2012-05-15 21:08:32 +0200
Served asset /subjects.js - 304 Not Modified (0ms)


Started GET "/assets/supervisors.js?body=1" for 127.0.0.1 at 2012-05-15 21:08:32 +0200
Served asset /supervisors.js - 304 Not Modified (0ms)


Started GET "/assets/teachers.js?body=1" for 127.0.0.1 at 2012-05-15 21:08:32 +0200
Served asset /teachers.js - 304 Not Modified (0ms)


Started GET "/assets/application.js?body=1" for 127.0.0.1 at 2012-05-15 21:08:32 +0200
Served asset /application.js - 304 Not Modified (1ms)


Started GET "/teachers" for 127.0.0.1 at 2012-05-15 21:08:34 +0200
Processing by TeachersController#index as HTML
  [1m[35mUser Load (0.1ms)[0m  SELECT "users".* FROM "users" WHERE "users"."id" = 1 LIMIT 1
  [1m[36mTeacher Load (0.1ms)[0m  [1mSELECT "teachers".* FROM "teachers" [0m
  Rendered teachers/index.html.erb within layouts/application (0.8ms)
  [1m[35mAdmin Load (0.1ms)[0m  SELECT "admins".* FROM "admins" WHERE "admins"."user_id" = 1 LIMIT 1
  [1m[36mCACHE (0.0ms)[0m  [1mSELECT "admins".* FROM "admins" WHERE "admins"."user_id" = 1 LIMIT 1[0m
  [1m[35mCACHE (0.0ms)[0m  SELECT "admins".* FROM "admins" WHERE "admins"."user_id" = 1 LIMIT 1
  [1m[36mCACHE (0.0ms)[0m  [1mSELECT "admins".* FROM "admins" WHERE "admins"."user_id" = 1 LIMIT 1[0m
Completed 200 OK in 49ms (Views: 46.5ms | ActiveRecord: 0.5ms)


Started GET "/assets/application.css?body=1" for 127.0.0.1 at 2012-05-15 21:08:34 +0200
Served asset /application.css - 304 Not Modified (7ms)


Started GET "/assets/bootstrap_and_overrides.css?body=1" for 127.0.0.1 at 2012-05-15 21:08:34 +0200
Served asset /bootstrap_and_overrides.css - 304 Not Modified (0ms)


Started GET "/assets/companies.css?body=1" for 127.0.0.1 at 2012-05-15 21:08:34 +0200
Served asset /companies.css - 304 Not Modified (2ms)


Started GET "/assets/absences.css?body=1" for 127.0.0.1 at 2012-05-15 21:08:34 +0200
Served asset /absences.css - 304 Not Modified (0ms)


Started GET "/assets/contracts.css?body=1" for 127.0.0.1 at 2012-05-15 21:08:34 +0200
Served asset /contracts.css - 304 Not Modified (0ms)


Started GET "/assets/contract_types.css?body=1" for 127.0.0.1 at 2012-05-15 21:08:34 +0200
Served asset /contract_types.css - 304 Not Modified (0ms)


Started GET "/assets/klasses.css?body=1" for 127.0.0.1 at 2012-05-15 21:08:34 +0200
Served asset /klasses.css - 304 Not Modified (0ms)


Started GET "/assets/students.css?body=1" for 127.0.0.1 at 2012-05-15 21:08:34 +0200
Served asset /students.css - 304 Not Modified (1ms)


Started GET "/assets/teachers.css?body=1" for 127.0.0.1 at 2012-05-15 21:08:34 +0200
Served asset /teachers.css - 304 Not Modified (0ms)


Started GET "/assets/supervisors.css?body=1" for 127.0.0.1 at 2012-05-15 21:08:34 +0200
Served asset /supervisors.css - 304 Not Modified (0ms)


Started GET "/assets/rooms.css?body=1" for 127.0.0.1 at 2012-05-15 21:08:34 +0200
Served asset /rooms.css - 304 Not Modified (1ms)


Started GET "/assets/subjects.css?body=1" for 127.0.0.1 at 2012-05-15 21:08:34 +0200
Served asset /subjects.css - 304 Not Modified (1ms)


Started GET "/assets/twitter/bootstrap/bootstrap-transition.js?body=1" for 127.0.0.1 at 2012-05-15 21:08:34 +0200
Served asset /twitter/bootstrap/bootstrap-transition.js - 304 Not Modified (0ms)


Started GET "/assets/lessons.css?body=1" for 127.0.0.1 at 2012-05-15 21:08:34 +0200
Served asset /lessons.css - 304 Not Modified (1ms)


Started GET "/assets/twitter/bootstrap/bootstrap-alert.js?body=1" for 127.0.0.1 at 2012-05-15 21:08:34 +0200
Served asset /twitter/bootstrap/bootstrap-alert.js - 304 Not Modified (0ms)


Started GET "/assets/twitter/bootstrap/bootstrap-modal.js?body=1" for 127.0.0.1 at 2012-05-15 21:08:34 +0200
Served asset /twitter/bootstrap/bootstrap-modal.js - 304 Not Modified (0ms)


Started GET "/assets/twitter/bootstrap/bootstrap-dropdown.js?body=1" for 127.0.0.1 at 2012-05-15 21:08:34 +0200
Served asset /twitter/bootstrap/bootstrap-dropdown.js - 304 Not Modified (0ms)


Started GET "/assets/twitter/bootstrap/bootstrap-scrollspy.js?body=1" for 127.0.0.1 at 2012-05-15 21:08:34 +0200
Served asset /twitter/bootstrap/bootstrap-scrollspy.js - 304 Not Modified (0ms)


Started GET "/assets/twitter/bootstrap/bootstrap-tab.js?body=1" for 127.0.0.1 at 2012-05-15 21:08:34 +0200
Served asset /twitter/bootstrap/bootstrap-tab.js - 304 Not Modified (0ms)


Started GET "/assets/twitter/bootstrap/bootstrap-tooltip.js?body=1" for 127.0.0.1 at 2012-05-15 21:08:34 +0200
Served asset /twitter/bootstrap/bootstrap-tooltip.js - 304 Not Modified (0ms)


Started GET "/assets/twitter/bootstrap/bootstrap-popover.js?body=1" for 127.0.0.1 at 2012-05-15 21:08:34 +0200
Served asset /twitter/bootstrap/bootstrap-popover.js - 304 Not Modified (0ms)


Started GET "/assets/twitter/bootstrap/bootstrap-collapse.js?body=1" for 127.0.0.1 at 2012-05-15 21:08:34 +0200
Served asset /twitter/bootstrap/bootstrap-collapse.js - 304 Not Modified (0ms)


Started GET "/assets/twitter/bootstrap/bootstrap-button.js?body=1" for 127.0.0.1 at 2012-05-15 21:08:34 +0200
Served asset /twitter/bootstrap/bootstrap-button.js - 304 Not Modified (0ms)


Started GET "/assets/twitter/bootstrap/bootstrap-carousel.js?body=1" for 127.0.0.1 at 2012-05-15 21:08:34 +0200
Served asset /twitter/bootstrap/bootstrap-carousel.js - 304 Not Modified (0ms)


Started GET "/assets/twitter/bootstrap/bootstrap-typeahead.js?body=1" for 127.0.0.1 at 2012-05-15 21:08:34 +0200
Served asset /twitter/bootstrap/bootstrap-typeahead.js - 304 Not Modified (0ms)


Started GET "/assets/twitter/bootstrap.js?body=1" for 127.0.0.1 at 2012-05-15 21:08:34 +0200
Served asset /twitter/bootstrap.js - 304 Not Modified (0ms)


Started GET "/assets/absences.js?body=1" for 127.0.0.1 at 2012-05-15 21:08:34 +0200
Served asset /absences.js - 304 Not Modified (0ms)


Started GET "/assets/bootstrap.js?body=1" for 127.0.0.1 at 2012-05-15 21:08:34 +0200
Served asset /bootstrap.js - 304 Not Modified (1ms)


Started GET "/assets/companies.js?body=1" for 127.0.0.1 at 2012-05-15 21:08:34 +0200
Served asset /companies.js - 304 Not Modified (0ms)


Started GET "/assets/contract_types.js?body=1" for 127.0.0.1 at 2012-05-15 21:08:34 +0200
Served asset /contract_types.js - 304 Not Modified (0ms)


Started GET "/assets/contracts.js?body=1" for 127.0.0.1 at 2012-05-15 21:08:34 +0200
Served asset /contracts.js - 304 Not Modified (1ms)


Started GET "/assets/klasses.js?body=1" for 127.0.0.1 at 2012-05-15 21:08:34 +0200
Served asset /klasses.js - 304 Not Modified (1ms)


Started GET "/assets/lessons.js?body=1" for 127.0.0.1 at 2012-05-15 21:08:34 +0200
Served asset /lessons.js - 304 Not Modified (1ms)


Started GET "/assets/rooms.js?body=1" for 127.0.0.1 at 2012-05-15 21:08:34 +0200
Served asset /rooms.js - 304 Not Modified (0ms)


Started GET "/assets/students.js?body=1" for 127.0.0.1 at 2012-05-15 21:08:34 +0200
Served asset /students.js - 304 Not Modified (0ms)


Started GET "/assets/subjects.js?body=1" for 127.0.0.1 at 2012-05-15 21:08:34 +0200
Served asset /subjects.js - 304 Not Modified (0ms)


Started GET "/assets/supervisors.js?body=1" for 127.0.0.1 at 2012-05-15 21:08:34 +0200
Served asset /supervisors.js - 304 Not Modified (0ms)


Started GET "/assets/teachers.js?body=1" for 127.0.0.1 at 2012-05-15 21:08:34 +0200
Served asset /teachers.js - 304 Not Modified (0ms)


Started GET "/assets/application.js?body=1" for 127.0.0.1 at 2012-05-15 21:08:34 +0200
Served asset /application.js - 304 Not Modified (30ms)


Started GET "/absences" for 127.0.0.1 at 2012-05-15 21:08:35 +0200
Processing by AbsencesController#index as HTML
  [1m[35mUser Load (0.1ms)[0m  SELECT "users".* FROM "users" WHERE "users"."id" = 1 LIMIT 1
  [1m[36mAdmin Load (0.1ms)[0m  [1mSELECT "admins".* FROM "admins" WHERE "admins"."user_id" = 1 LIMIT 1[0m
  [1m[35mAbsence Load (0.1ms)[0m  SELECT "absences".* FROM "absences" 
  Rendered absences/index.html.erb within layouts/application (0.8ms)
  [1m[36mCACHE (0.0ms)[0m  [1mSELECT "admins".* FROM "admins" WHERE "admins"."user_id" = 1 LIMIT 1[0m
  [1m[35mCACHE (0.0ms)[0m  SELECT "admins".* FROM "admins" WHERE "admins"."user_id" = 1 LIMIT 1
  [1m[36mCACHE (0.0ms)[0m  [1mSELECT "admins".* FROM "admins" WHERE "admins"."user_id" = 1 LIMIT 1[0m
  [1m[35mCACHE (0.0ms)[0m  SELECT "admins".* FROM "admins" WHERE "admins"."user_id" = 1 LIMIT 1
Completed 200 OK in 20ms (Views: 17.9ms | ActiveRecord: 0.4ms)


Started GET "/assets/application.css?body=1" for 127.0.0.1 at 2012-05-15 21:08:35 +0200
Served asset /application.css - 304 Not Modified (7ms)


Started GET "/assets/companies.css?body=1" for 127.0.0.1 at 2012-05-15 21:08:35 +0200
Served asset /companies.css - 304 Not Modified (0ms)


Started GET "/assets/absences.css?body=1" for 127.0.0.1 at 2012-05-15 21:08:35 +0200
Served asset /absences.css - 304 Not Modified (0ms)


Started GET "/assets/contract_types.css?body=1" for 127.0.0.1 at 2012-05-15 21:08:35 +0200
Served asset /contract_types.css - 304 Not Modified (1ms)


Started GET "/assets/bootstrap_and_overrides.css?body=1" for 127.0.0.1 at 2012-05-15 21:08:35 +0200
Served asset /bootstrap_and_overrides.css - 304 Not Modified (0ms)


Started GET "/assets/contracts.css?body=1" for 127.0.0.1 at 2012-05-15 21:08:35 +0200
Served asset /contracts.css - 304 Not Modified (0ms)


Started GET "/assets/klasses.css?body=1" for 127.0.0.1 at 2012-05-15 21:08:35 +0200
Served asset /klasses.css - 304 Not Modified (0ms)


Started GET "/assets/lessons.css?body=1" for 127.0.0.1 at 2012-05-15 21:08:35 +0200
Served asset /lessons.css - 304 Not Modified (0ms)


Started GET "/assets/rooms.css?body=1" for 127.0.0.1 at 2012-05-15 21:08:35 +0200
Served asset /rooms.css - 304 Not Modified (0ms)


Started GET "/assets/students.css?body=1" for 127.0.0.1 at 2012-05-15 21:08:35 +0200
Served asset /students.css - 304 Not Modified (0ms)


Started GET "/assets/twitter/bootstrap/bootstrap-alert.js?body=1" for 127.0.0.1 at 2012-05-15 21:08:35 +0200
Served asset /twitter/bootstrap/bootstrap-alert.js - 304 Not Modified (0ms)


Started GET "/assets/twitter/bootstrap/bootstrap-transition.js?body=1" for 127.0.0.1 at 2012-05-15 21:08:35 +0200
Served asset /twitter/bootstrap/bootstrap-transition.js - 304 Not Modified (0ms)


Started GET "/assets/supervisors.css?body=1" for 127.0.0.1 at 2012-05-15 21:08:35 +0200
Served asset /supervisors.css - 304 Not Modified (0ms)


Started GET "/assets/subjects.css?body=1" for 127.0.0.1 at 2012-05-15 21:08:35 +0200
Served asset /subjects.css - 304 Not Modified (1ms)


Started GET "/assets/teachers.css?body=1" for 127.0.0.1 at 2012-05-15 21:08:35 +0200
Served asset /teachers.css - 304 Not Modified (0ms)


Started GET "/assets/twitter/bootstrap/bootstrap-modal.js?body=1" for 127.0.0.1 at 2012-05-15 21:08:35 +0200
Served asset /twitter/bootstrap/bootstrap-modal.js - 304 Not Modified (0ms)


Started GET "/assets/twitter/bootstrap/bootstrap-scrollspy.js?body=1" for 127.0.0.1 at 2012-05-15 21:08:35 +0200
Served asset /twitter/bootstrap/bootstrap-scrollspy.js - 304 Not Modified (0ms)


Started GET "/assets/twitter/bootstrap/bootstrap-dropdown.js?body=1" for 127.0.0.1 at 2012-05-15 21:08:35 +0200
Served asset /twitter/bootstrap/bootstrap-dropdown.js - 304 Not Modified (0ms)


Started GET "/assets/twitter/bootstrap/bootstrap-tab.js?body=1" for 127.0.0.1 at 2012-05-15 21:08:35 +0200
Served asset /twitter/bootstrap/bootstrap-tab.js - 304 Not Modified (0ms)


Started GET "/assets/twitter/bootstrap/bootstrap-tooltip.js?body=1" for 127.0.0.1 at 2012-05-15 21:08:35 +0200
Served asset /twitter/bootstrap/bootstrap-tooltip.js - 304 Not Modified (0ms)


Started GET "/assets/twitter/bootstrap/bootstrap-collapse.js?body=1" for 127.0.0.1 at 2012-05-15 21:08:35 +0200
Served asset /twitter/bootstrap/bootstrap-collapse.js - 304 Not Modified (0ms)


Started GET "/assets/twitter/bootstrap/bootstrap-carousel.js?body=1" for 127.0.0.1 at 2012-05-15 21:08:35 +0200
Served asset /twitter/bootstrap/bootstrap-carousel.js - 304 Not Modified (0ms)


Started GET "/assets/twitter/bootstrap/bootstrap-popover.js?body=1" for 127.0.0.1 at 2012-05-15 21:08:35 +0200
Served asset /twitter/bootstrap/bootstrap-popover.js - 304 Not Modified (0ms)


Started GET "/assets/twitter/bootstrap/bootstrap-button.js?body=1" for 127.0.0.1 at 2012-05-15 21:08:35 +0200
Served asset /twitter/bootstrap/bootstrap-button.js - 304 Not Modified (0ms)


Started GET "/assets/twitter/bootstrap/bootstrap-typeahead.js?body=1" for 127.0.0.1 at 2012-05-15 21:08:35 +0200
Served asset /twitter/bootstrap/bootstrap-typeahead.js - 304 Not Modified (0ms)


Started GET "/assets/absences.js?body=1" for 127.0.0.1 at 2012-05-15 21:08:35 +0200
Served asset /absences.js - 304 Not Modified (1ms)


Started GET "/assets/twitter/bootstrap.js?body=1" for 127.0.0.1 at 2012-05-15 21:08:35 +0200
Served asset /twitter/bootstrap.js - 304 Not Modified (0ms)


Started GET "/assets/bootstrap.js?body=1" for 127.0.0.1 at 2012-05-15 21:08:35 +0200
Served asset /bootstrap.js - 304 Not Modified (1ms)


Started GET "/assets/companies.js?body=1" for 127.0.0.1 at 2012-05-15 21:08:35 +0200
Served asset /companies.js - 304 Not Modified (2ms)


Started GET "/assets/contract_types.js?body=1" for 127.0.0.1 at 2012-05-15 21:08:35 +0200
Served asset /contract_types.js - 304 Not Modified (1ms)


Started GET "/assets/contracts.js?body=1" for 127.0.0.1 at 2012-05-15 21:08:35 +0200
Served asset /contracts.js - 304 Not Modified (0ms)


Started GET "/assets/lessons.js?body=1" for 127.0.0.1 at 2012-05-15 21:08:35 +0200
Served asset /lessons.js - 304 Not Modified (1ms)


Started GET "/assets/klasses.js?body=1" for 127.0.0.1 at 2012-05-15 21:08:35 +0200
Served asset /klasses.js - 304 Not Modified (0ms)


Started GET "/assets/rooms.js?body=1" for 127.0.0.1 at 2012-05-15 21:08:35 +0200
Served asset /rooms.js - 304 Not Modified (2ms)


Started GET "/assets/students.js?body=1" for 127.0.0.1 at 2012-05-15 21:08:35 +0200
Served asset /students.js - 304 Not Modified (0ms)


Started GET "/assets/subjects.js?body=1" for 127.0.0.1 at 2012-05-15 21:08:35 +0200
Served asset /subjects.js - 304 Not Modified (1ms)


Started GET "/assets/supervisors.js?body=1" for 127.0.0.1 at 2012-05-15 21:08:35 +0200
Served asset /supervisors.js - 304 Not Modified (0ms)


Started GET "/assets/teachers.js?body=1" for 127.0.0.1 at 2012-05-15 21:08:35 +0200
Served asset /teachers.js - 304 Not Modified (0ms)


Started GET "/assets/application.js?body=1" for 127.0.0.1 at 2012-05-15 21:08:35 +0200
Served asset /application.js - 304 Not Modified (1ms)


Started GET "/klasses" for 127.0.0.1 at 2012-05-15 21:08:36 +0200
Processing by KlassesController#index as HTML
  [1m[36mUser Load (0.1ms)[0m  [1mSELECT "users".* FROM "users" WHERE "users"."id" = 1 LIMIT 1[0m
  [1m[35mAdmin Load (0.1ms)[0m  SELECT "admins".* FROM "admins" WHERE "admins"."user_id" = 1 LIMIT 1
  [1m[36mKlass Load (0.1ms)[0m  [1mSELECT "klasses".* FROM "klasses" [0m
  Rendered klasses/index.html.erb within layouts/application (2.8ms)
  [1m[35mCACHE (0.0ms)[0m  SELECT "admins".* FROM "admins" WHERE "admins"."user_id" = 1 LIMIT 1
  [1m[36mCACHE (0.0ms)[0m  [1mSELECT "admins".* FROM "admins" WHERE "admins"."user_id" = 1 LIMIT 1[0m
  [1m[35mCACHE (0.0ms)[0m  SELECT "admins".* FROM "admins" WHERE "admins"."user_id" = 1 LIMIT 1
  [1m[36mCACHE (0.0ms)[0m  [1mSELECT "admins".* FROM "admins" WHERE "admins"."user_id" = 1 LIMIT 1[0m
Completed 200 OK in 24ms (Views: 18.7ms | ActiveRecord: 0.4ms)


Started GET "/assets/companies.css?body=1" for 127.0.0.1 at 2012-05-15 21:08:36 +0200
Served asset /companies.css - 304 Not Modified (0ms)


Started GET "/assets/absences.css?body=1" for 127.0.0.1 at 2012-05-15 21:08:36 +0200
Served asset /absences.css - 304 Not Modified (1ms)


Started GET "/assets/application.css?body=1" for 127.0.0.1 at 2012-05-15 21:08:36 +0200
Served asset /application.css - 304 Not Modified (33ms)


Started GET "/assets/bootstrap_and_overrides.css?body=1" for 127.0.0.1 at 2012-05-15 21:08:36 +0200
Served asset /bootstrap_and_overrides.css - 304 Not Modified (0ms)


Started GET "/assets/contract_types.css?body=1" for 127.0.0.1 at 2012-05-15 21:08:36 +0200
Served asset /contract_types.css - 304 Not Modified (0ms)


Started GET "/assets/contracts.css?body=1" for 127.0.0.1 at 2012-05-15 21:08:36 +0200
Served asset /contracts.css - 304 Not Modified (0ms)


Started GET "/assets/klasses.css?body=1" for 127.0.0.1 at 2012-05-15 21:08:36 +0200
Served asset /klasses.css - 304 Not Modified (0ms)


Started GET "/assets/lessons.css?body=1" for 127.0.0.1 at 2012-05-15 21:08:36 +0200
Served asset /lessons.css - 304 Not Modified (0ms)


Started GET "/assets/rooms.css?body=1" for 127.0.0.1 at 2012-05-15 21:08:36 +0200
Served asset /rooms.css - 304 Not Modified (2ms)


Started GET "/assets/supervisors.css?body=1" for 127.0.0.1 at 2012-05-15 21:08:36 +0200
Served asset /supervisors.css - 304 Not Modified (0ms)


Started GET "/assets/teachers.css?body=1" for 127.0.0.1 at 2012-05-15 21:08:36 +0200
Served asset /teachers.css - 304 Not Modified (1ms)


Started GET "/assets/subjects.css?body=1" for 127.0.0.1 at 2012-05-15 21:08:36 +0200
Served asset /subjects.css - 304 Not Modified (0ms)


Started GET "/assets/students.css?body=1" for 127.0.0.1 at 2012-05-15 21:08:36 +0200
Served asset /students.css - 304 Not Modified (2ms)


Started GET "/assets/twitter/bootstrap/bootstrap-transition.js?body=1" for 127.0.0.1 at 2012-05-15 21:08:36 +0200
Served asset /twitter/bootstrap/bootstrap-transition.js - 304 Not Modified (0ms)


Started GET "/assets/twitter/bootstrap/bootstrap-alert.js?body=1" for 127.0.0.1 at 2012-05-15 21:08:36 +0200
Served asset /twitter/bootstrap/bootstrap-alert.js - 304 Not Modified (0ms)


Started GET "/assets/twitter/bootstrap/bootstrap-modal.js?body=1" for 127.0.0.1 at 2012-05-15 21:08:36 +0200
Served asset /twitter/bootstrap/bootstrap-modal.js - 304 Not Modified (0ms)


Started GET "/assets/twitter/bootstrap/bootstrap-dropdown.js?body=1" for 127.0.0.1 at 2012-05-15 21:08:36 +0200
Served asset /twitter/bootstrap/bootstrap-dropdown.js - 304 Not Modified (0ms)


Started GET "/assets/twitter/bootstrap/bootstrap-scrollspy.js?body=1" for 127.0.0.1 at 2012-05-15 21:08:36 +0200
Served asset /twitter/bootstrap/bootstrap-scrollspy.js - 304 Not Modified (0ms)


Started GET "/assets/twitter/bootstrap/bootstrap-tooltip.js?body=1" for 127.0.0.1 at 2012-05-15 21:08:36 +0200
Served asset /twitter/bootstrap/bootstrap-tooltip.js - 304 Not Modified (0ms)


Started GET "/assets/twitter/bootstrap/bootstrap-collapse.js?body=1" for 127.0.0.1 at 2012-05-15 21:08:36 +0200
Served asset /twitter/bootstrap/bootstrap-collapse.js - 304 Not Modified (0ms)


Started GET "/assets/twitter/bootstrap/bootstrap-button.js?body=1" for 127.0.0.1 at 2012-05-15 21:08:36 +0200
Served asset /twitter/bootstrap/bootstrap-button.js - 304 Not Modified (0ms)


Started GET "/assets/twitter/bootstrap/bootstrap-carousel.js?body=1" for 127.0.0.1 at 2012-05-15 21:08:36 +0200
Served asset /twitter/bootstrap/bootstrap-carousel.js - 304 Not Modified (0ms)


Started GET "/assets/twitter/bootstrap/bootstrap-popover.js?body=1" for 127.0.0.1 at 2012-05-15 21:08:36 +0200
Served asset /twitter/bootstrap/bootstrap-popover.js - 304 Not Modified (0ms)


Started GET "/assets/twitter/bootstrap/bootstrap-tab.js?body=1" for 127.0.0.1 at 2012-05-15 21:08:36 +0200
Served asset /twitter/bootstrap/bootstrap-tab.js - 304 Not Modified (0ms)


Started GET "/assets/twitter/bootstrap/bootstrap-typeahead.js?body=1" for 127.0.0.1 at 2012-05-15 21:08:36 +0200
Served asset /twitter/bootstrap/bootstrap-typeahead.js - 304 Not Modified (0ms)


Started GET "/assets/twitter/bootstrap.js?body=1" for 127.0.0.1 at 2012-05-15 21:08:36 +0200
Served asset /twitter/bootstrap.js - 304 Not Modified (0ms)


Started GET "/assets/absences.js?body=1" for 127.0.0.1 at 2012-05-15 21:08:36 +0200
Served asset /absences.js - 304 Not Modified (0ms)


Started GET "/assets/bootstrap.js?body=1" for 127.0.0.1 at 2012-05-15 21:08:36 +0200
Served asset /bootstrap.js - 304 Not Modified (0ms)


Started GET "/assets/companies.js?body=1" for 127.0.0.1 at 2012-05-15 21:08:36 +0200
Served asset /companies.js - 304 Not Modified (1ms)


Started GET "/assets/contract_types.js?body=1" for 127.0.0.1 at 2012-05-15 21:08:36 +0200
Served asset /contract_types.js - 304 Not Modified (0ms)


Started GET "/assets/klasses.js?body=1" for 127.0.0.1 at 2012-05-15 21:08:36 +0200
Served asset /klasses.js - 304 Not Modified (0ms)


Started GET "/assets/contracts.js?body=1" for 127.0.0.1 at 2012-05-15 21:08:36 +0200
Served asset /contracts.js - 304 Not Modified (1ms)


Started GET "/assets/lessons.js?body=1" for 127.0.0.1 at 2012-05-15 21:08:36 +0200
Served asset /lessons.js - 304 Not Modified (1ms)


Started GET "/assets/rooms.js?body=1" for 127.0.0.1 at 2012-05-15 21:08:36 +0200
Served asset /rooms.js - 304 Not Modified (0ms)


Started GET "/assets/students.js?body=1" for 127.0.0.1 at 2012-05-15 21:08:36 +0200
Served asset /students.js - 304 Not Modified (0ms)


Started GET "/assets/subjects.js?body=1" for 127.0.0.1 at 2012-05-15 21:08:36 +0200
Served asset /subjects.js - 304 Not Modified (0ms)


Started GET "/assets/supervisors.js?body=1" for 127.0.0.1 at 2012-05-15 21:08:36 +0200
Served asset /supervisors.js - 304 Not Modified (0ms)


Started GET "/assets/teachers.js?body=1" for 127.0.0.1 at 2012-05-15 21:08:36 +0200
Served asset /teachers.js - 304 Not Modified (0ms)


Started GET "/assets/application.js?body=1" for 127.0.0.1 at 2012-05-15 21:08:36 +0200
Served asset /application.js - 304 Not Modified (1ms)


Started GET "/lessons" for 127.0.0.1 at 2012-05-15 21:08:37 +0200
Processing by LessonsController#index as HTML
  [1m[35mUser Load (0.1ms)[0m  SELECT "users".* FROM "users" WHERE "users"."id" = 1 LIMIT 1
  [1m[36mAdmin Load (0.1ms)[0m  [1mSELECT "admins".* FROM "admins" WHERE "admins"."user_id" = 1 LIMIT 1[0m
  [1m[35mLesson Load (0.1ms)[0m  SELECT "lessons".* FROM "lessons" 
  Rendered lessons/index.html.erb within layouts/application (0.8ms)
  [1m[36mCACHE (0.0ms)[0m  [1mSELECT "admins".* FROM "admins" WHERE "admins"."user_id" = 1 LIMIT 1[0m
  [1m[35mCACHE (0.0ms)[0m  SELECT "admins".* FROM "admins" WHERE "admins"."user_id" = 1 LIMIT 1
  [1m[36mCACHE (0.0ms)[0m  [1mSELECT "admins".* FROM "admins" WHERE "admins"."user_id" = 1 LIMIT 1[0m
  [1m[35mCACHE (0.0ms)[0m  SELECT "admins".* FROM "admins" WHERE "admins"."user_id" = 1 LIMIT 1
Completed 200 OK in 50ms (Views: 48.0ms | ActiveRecord: 0.4ms)


Started GET "/assets/contract_types.css?body=1" for 127.0.0.1 at 2012-05-15 21:08:37 +0200
Served asset /contract_types.css - 304 Not Modified (0ms)


Started GET "/assets/absences.css?body=1" for 127.0.0.1 at 2012-05-15 21:08:37 +0200
Served asset /absences.css - 304 Not Modified (1ms)


Started GET "/assets/application.css?body=1" for 127.0.0.1 at 2012-05-15 21:08:37 +0200
Served asset /application.css - 304 Not Modified (2ms)


Started GET "/assets/bootstrap_and_overrides.css?body=1" for 127.0.0.1 at 2012-05-15 21:08:37 +0200
Served asset /bootstrap_and_overrides.css - 304 Not Modified (0ms)


Started GET "/assets/contracts.css?body=1" for 127.0.0.1 at 2012-05-15 21:08:37 +0200
Served asset /contracts.css - 304 Not Modified (0ms)


Started GET "/assets/companies.css?body=1" for 127.0.0.1 at 2012-05-15 21:08:37 +0200
Served asset /companies.css - 304 Not Modified (0ms)


Started GET "/assets/klasses.css?body=1" for 127.0.0.1 at 2012-05-15 21:08:37 +0200
Served asset /klasses.css - 304 Not Modified (0ms)


Started GET "/assets/lessons.css?body=1" for 127.0.0.1 at 2012-05-15 21:08:37 +0200
Served asset /lessons.css - 304 Not Modified (0ms)


Started GET "/assets/rooms.css?body=1" for 127.0.0.1 at 2012-05-15 21:08:37 +0200
Served asset /rooms.css - 304 Not Modified (0ms)


Started GET "/assets/students.css?body=1" for 127.0.0.1 at 2012-05-15 21:08:37 +0200
Served asset /students.css - 304 Not Modified (2ms)


Started GET "/assets/supervisors.css?body=1" for 127.0.0.1 at 2012-05-15 21:08:37 +0200
Served asset /supervisors.css - 304 Not Modified (0ms)


Started GET "/assets/teachers.css?body=1" for 127.0.0.1 at 2012-05-15 21:08:37 +0200
Served asset /teachers.css - 304 Not Modified (1ms)


Started GET "/assets/subjects.css?body=1" for 127.0.0.1 at 2012-05-15 21:08:37 +0200
Served asset /subjects.css - 304 Not Modified (1ms)


Started GET "/assets/twitter/bootstrap/bootstrap-transition.js?body=1" for 127.0.0.1 at 2012-05-15 21:08:37 +0200
Served asset /twitter/bootstrap/bootstrap-transition.js - 304 Not Modified (0ms)


Started GET "/assets/twitter/bootstrap/bootstrap-alert.js?body=1" for 127.0.0.1 at 2012-05-15 21:08:37 +0200
Served asset /twitter/bootstrap/bootstrap-alert.js - 304 Not Modified (0ms)


Started GET "/assets/twitter/bootstrap/bootstrap-modal.js?body=1" for 127.0.0.1 at 2012-05-15 21:08:37 +0200
Served asset /twitter/bootstrap/bootstrap-modal.js - 304 Not Modified (0ms)


Started GET "/assets/twitter/bootstrap/bootstrap-dropdown.js?body=1" for 127.0.0.1 at 2012-05-15 21:08:37 +0200
Served asset /twitter/bootstrap/bootstrap-dropdown.js - 304 Not Modified (0ms)


Started GET "/assets/twitter/bootstrap/bootstrap-scrollspy.js?body=1" for 127.0.0.1 at 2012-05-15 21:08:37 +0200
Served asset /twitter/bootstrap/bootstrap-scrollspy.js - 304 Not Modified (0ms)


Started GET "/assets/twitter/bootstrap/bootstrap-popover.js?body=1" for 127.0.0.1 at 2012-05-15 21:08:37 +0200
Served asset /twitter/bootstrap/bootstrap-popover.js - 304 Not Modified (0ms)


Started GET "/assets/twitter/bootstrap/bootstrap-tooltip.js?body=1" for 127.0.0.1 at 2012-05-15 21:08:37 +0200
Served asset /twitter/bootstrap/bootstrap-tooltip.js - 304 Not Modified (0ms)


Started GET "/assets/twitter/bootstrap/bootstrap-tab.js?body=1" for 127.0.0.1 at 2012-05-15 21:08:37 +0200
Served asset /twitter/bootstrap/bootstrap-tab.js - 304 Not Modified (0ms)


Started GET "/assets/twitter/bootstrap/bootstrap-carousel.js?body=1" for 127.0.0.1 at 2012-05-15 21:08:37 +0200
Served asset /twitter/bootstrap/bootstrap-carousel.js - 304 Not Modified (0ms)


Started GET "/assets/twitter/bootstrap/bootstrap-collapse.js?body=1" for 127.0.0.1 at 2012-05-15 21:08:37 +0200
Served asset /twitter/bootstrap/bootstrap-collapse.js - 304 Not Modified (0ms)


Started GET "/assets/twitter/bootstrap/bootstrap-button.js?body=1" for 127.0.0.1 at 2012-05-15 21:08:37 +0200
Served asset /twitter/bootstrap/bootstrap-button.js - 304 Not Modified (0ms)


Started GET "/assets/twitter/bootstrap/bootstrap-typeahead.js?body=1" for 127.0.0.1 at 2012-05-15 21:08:37 +0200
Served asset /twitter/bootstrap/bootstrap-typeahead.js - 304 Not Modified (0ms)


Started GET "/assets/twitter/bootstrap.js?body=1" for 127.0.0.1 at 2012-05-15 21:08:37 +0200
Served asset /twitter/bootstrap.js - 304 Not Modified (0ms)


Started GET "/assets/absences.js?body=1" for 127.0.0.1 at 2012-05-15 21:08:37 +0200
Served asset /absences.js - 304 Not Modified (2ms)


Started GET "/assets/bootstrap.js?body=1" for 127.0.0.1 at 2012-05-15 21:08:37 +0200
Served asset /bootstrap.js - 304 Not Modified (0ms)


Started GET "/assets/companies.js?body=1" for 127.0.0.1 at 2012-05-15 21:08:37 +0200
Served asset /companies.js - 304 Not Modified (0ms)


Started GET "/assets/contract_types.js?body=1" for 127.0.0.1 at 2012-05-15 21:08:37 +0200
Served asset /contract_types.js - 304 Not Modified (0ms)


Started GET "/assets/contracts.js?body=1" for 127.0.0.1 at 2012-05-15 21:08:37 +0200
Served asset /contracts.js - 304 Not Modified (2ms)


Started GET "/assets/klasses.js?body=1" for 127.0.0.1 at 2012-05-15 21:08:37 +0200
Served asset /klasses.js - 304 Not Modified (1ms)


Started GET "/assets/lessons.js?body=1" for 127.0.0.1 at 2012-05-15 21:08:37 +0200
Served asset /lessons.js - 304 Not Modified (0ms)


Started GET "/assets/students.js?body=1" for 127.0.0.1 at 2012-05-15 21:08:37 +0200
Served asset /students.js - 304 Not Modified (2ms)


Started GET "/assets/rooms.js?body=1" for 127.0.0.1 at 2012-05-15 21:08:37 +0200
Served asset /rooms.js - 304 Not Modified (1ms)


Started GET "/assets/subjects.js?body=1" for 127.0.0.1 at 2012-05-15 21:08:37 +0200
Served asset /subjects.js - 304 Not Modified (0ms)


Started GET "/assets/supervisors.js?body=1" for 127.0.0.1 at 2012-05-15 21:08:37 +0200
Served asset /supervisors.js - 304 Not Modified (0ms)


Started GET "/assets/teachers.js?body=1" for 127.0.0.1 at 2012-05-15 21:08:37 +0200
Served asset /teachers.js - 304 Not Modified (0ms)


Started GET "/assets/application.js?body=1" for 127.0.0.1 at 2012-05-15 21:08:37 +0200
Served asset /application.js - 304 Not Modified (1ms)


Started GET "/subjects" for 127.0.0.1 at 2012-05-15 21:08:38 +0200
Processing by SubjectsController#index as HTML
  [1m[36mUser Load (0.2ms)[0m  [1mSELECT "users".* FROM "users" WHERE "users"."id" = 1 LIMIT 1[0m
  [1m[35mAdmin Load (0.1ms)[0m  SELECT "admins".* FROM "admins" WHERE "admins"."user_id" = 1 LIMIT 1
  [1m[36mSubject Load (0.1ms)[0m  [1mSELECT "subjects".* FROM "subjects" [0m
  Rendered subjects/index.html.erb within layouts/application (1.9ms)
  [1m[35mCACHE (0.0ms)[0m  SELECT "admins".* FROM "admins" WHERE "admins"."user_id" = 1 LIMIT 1
  [1m[36mCACHE (0.0ms)[0m  [1mSELECT "admins".* FROM "admins" WHERE "admins"."user_id" = 1 LIMIT 1[0m
  [1m[35mCACHE (0.0ms)[0m  SELECT "admins".* FROM "admins" WHERE "admins"."user_id" = 1 LIMIT 1
  [1m[36mCACHE (0.0ms)[0m  [1mSELECT "admins".* FROM "admins" WHERE "admins"."user_id" = 1 LIMIT 1[0m
Completed 200 OK in 23ms (Views: 17.9ms | ActiveRecord: 0.4ms)


Started GET "/assets/companies.css?body=1" for 127.0.0.1 at 2012-05-15 21:08:38 +0200
Served asset /companies.css - 304 Not Modified (0ms)


Started GET "/assets/contract_types.css?body=1" for 127.0.0.1 at 2012-05-15 21:08:38 +0200
Served asset /contract_types.css - 304 Not Modified (0ms)


Started GET "/assets/bootstrap_and_overrides.css?body=1" for 127.0.0.1 at 2012-05-15 21:08:38 +0200
Served asset /bootstrap_and_overrides.css - 304 Not Modified (2ms)


Started GET "/assets/absences.css?body=1" for 127.0.0.1 at 2012-05-15 21:08:38 +0200
Served asset /absences.css - 304 Not Modified (0ms)


Started GET "/assets/application.css?body=1" for 127.0.0.1 at 2012-05-15 21:08:38 +0200
Served asset /application.css - 304 Not Modified (1ms)


Started GET "/assets/contracts.css?body=1" for 127.0.0.1 at 2012-05-15 21:08:38 +0200
Served asset /contracts.css - 304 Not Modified (0ms)


Started GET "/assets/klasses.css?body=1" for 127.0.0.1 at 2012-05-15 21:08:38 +0200
Served asset /klasses.css - 304 Not Modified (0ms)


Started GET "/assets/lessons.css?body=1" for 127.0.0.1 at 2012-05-15 21:08:38 +0200
Served asset /lessons.css - 304 Not Modified (0ms)


Started GET "/assets/subjects.css?body=1" for 127.0.0.1 at 2012-05-15 21:08:38 +0200
Served asset /subjects.css - 304 Not Modified (1ms)


Started GET "/assets/students.css?body=1" for 127.0.0.1 at 2012-05-15 21:08:38 +0200
Served asset /students.css - 304 Not Modified (1ms)


Started GET "/assets/supervisors.css?body=1" for 127.0.0.1 at 2012-05-15 21:08:38 +0200
Served asset /supervisors.css - 304 Not Modified (1ms)


Started GET "/assets/rooms.css?body=1" for 127.0.0.1 at 2012-05-15 21:08:38 +0200
Served asset /rooms.css - 304 Not Modified (1ms)


Started GET "/assets/teachers.css?body=1" for 127.0.0.1 at 2012-05-15 21:08:38 +0200
Served asset /teachers.css - 304 Not Modified (0ms)


Started GET "/assets/twitter/bootstrap/bootstrap-transition.js?body=1" for 127.0.0.1 at 2012-05-15 21:08:38 +0200
Served asset /twitter/bootstrap/bootstrap-transition.js - 304 Not Modified (0ms)


Started GET "/assets/twitter/bootstrap/bootstrap-modal.js?body=1" for 127.0.0.1 at 2012-05-15 21:08:38 +0200
Served asset /twitter/bootstrap/bootstrap-modal.js - 304 Not Modified (0ms)


Started GET "/assets/twitter/bootstrap/bootstrap-alert.js?body=1" for 127.0.0.1 at 2012-05-15 21:08:38 +0200
Served asset /twitter/bootstrap/bootstrap-alert.js - 304 Not Modified (0ms)


Started GET "/assets/twitter/bootstrap/bootstrap-dropdown.js?body=1" for 127.0.0.1 at 2012-05-15 21:08:38 +0200
Served asset /twitter/bootstrap/bootstrap-dropdown.js - 304 Not Modified (0ms)


Started GET "/assets/twitter/bootstrap/bootstrap-scrollspy.js?body=1" for 127.0.0.1 at 2012-05-15 21:08:38 +0200
Served asset /twitter/bootstrap/bootstrap-scrollspy.js - 304 Not Modified (0ms)


Started GET "/assets/twitter/bootstrap/bootstrap-popover.js?body=1" for 127.0.0.1 at 2012-05-15 21:08:38 +0200
Served asset /twitter/bootstrap/bootstrap-popover.js - 304 Not Modified (0ms)


Started GET "/assets/twitter/bootstrap/bootstrap-tab.js?body=1" for 127.0.0.1 at 2012-05-15 21:08:38 +0200
Served asset /twitter/bootstrap/bootstrap-tab.js - 304 Not Modified (0ms)


Started GET "/assets/twitter/bootstrap/bootstrap-button.js?body=1" for 127.0.0.1 at 2012-05-15 21:08:38 +0200
Served asset /twitter/bootstrap/bootstrap-button.js - 304 Not Modified (0ms)


Started GET "/assets/twitter/bootstrap/bootstrap-carousel.js?body=1" for 127.0.0.1 at 2012-05-15 21:08:38 +0200
Served asset /twitter/bootstrap/bootstrap-carousel.js - 304 Not Modified (0ms)


Started GET "/assets/twitter/bootstrap/bootstrap-tooltip.js?body=1" for 127.0.0.1 at 2012-05-15 21:08:38 +0200
Served asset /twitter/bootstrap/bootstrap-tooltip.js - 304 Not Modified (0ms)


Started GET "/assets/twitter/bootstrap/bootstrap-collapse.js?body=1" for 127.0.0.1 at 2012-05-15 21:08:38 +0200
Served asset /twitter/bootstrap/bootstrap-collapse.js - 304 Not Modified (0ms)


Started GET "/assets/twitter/bootstrap.js?body=1" for 127.0.0.1 at 2012-05-15 21:08:38 +0200
Served asset /twitter/bootstrap.js - 304 Not Modified (0ms)


Started GET "/assets/twitter/bootstrap/bootstrap-typeahead.js?body=1" for 127.0.0.1 at 2012-05-15 21:08:38 +0200
Served asset /twitter/bootstrap/bootstrap-typeahead.js - 304 Not Modified (0ms)


Started GET "/assets/absences.js?body=1" for 127.0.0.1 at 2012-05-15 21:08:38 +0200
Served asset /absences.js - 304 Not Modified (3ms)


Started GET "/assets/bootstrap.js?body=1" for 127.0.0.1 at 2012-05-15 21:08:38 +0200
Served asset /bootstrap.js - 304 Not Modified (0ms)


Started GET "/assets/companies.js?body=1" for 127.0.0.1 at 2012-05-15 21:08:38 +0200
Served asset /companies.js - 304 Not Modified (1ms)


Started GET "/assets/contract_types.js?body=1" for 127.0.0.1 at 2012-05-15 21:08:38 +0200
Served asset /contract_types.js - 304 Not Modified (0ms)


Started GET "/assets/contracts.js?body=1" for 127.0.0.1 at 2012-05-15 21:08:38 +0200
Served asset /contracts.js - 304 Not Modified (30ms)


Started GET "/assets/klasses.js?body=1" for 127.0.0.1 at 2012-05-15 21:08:38 +0200
Served asset /klasses.js - 304 Not Modified (0ms)


Started GET "/assets/lessons.js?body=1" for 127.0.0.1 at 2012-05-15 21:08:38 +0200
Served asset /lessons.js - 304 Not Modified (0ms)


Started GET "/assets/rooms.js?body=1" for 127.0.0.1 at 2012-05-15 21:08:38 +0200
Served asset /rooms.js - 304 Not Modified (1ms)


Started GET "/assets/students.js?body=1" for 127.0.0.1 at 2012-05-15 21:08:38 +0200
Served asset /students.js - 304 Not Modified (0ms)


Started GET "/assets/subjects.js?body=1" for 127.0.0.1 at 2012-05-15 21:08:38 +0200
Served asset /subjects.js - 304 Not Modified (1ms)


Started GET "/assets/supervisors.js?body=1" for 127.0.0.1 at 2012-05-15 21:08:38 +0200
Served asset /supervisors.js - 304 Not Modified (0ms)


Started GET "/assets/teachers.js?body=1" for 127.0.0.1 at 2012-05-15 21:08:38 +0200
Served asset /teachers.js - 304 Not Modified (0ms)


Started GET "/assets/application.js?body=1" for 127.0.0.1 at 2012-05-15 21:08:38 +0200
Served asset /application.js - 304 Not Modified (1ms)


Started GET "/rooms" for 127.0.0.1 at 2012-05-15 21:08:39 +0200
Processing by RoomsController#index as HTML
  [1m[35mRoom Load (0.1ms)[0m  SELECT "rooms".* FROM "rooms" 
  [1m[36mUser Load (0.1ms)[0m  [1mSELECT "users".* FROM "users" WHERE "users"."id" = 1 LIMIT 1[0m
  [1m[35mAdmin Load (0.1ms)[0m  SELECT "admins".* FROM "admins" WHERE "admins"."user_id" = 1 LIMIT 1
  Rendered rooms/index.html.erb within layouts/application (4.1ms)
  [1m[36mCACHE (0.0ms)[0m  [1mSELECT "admins".* FROM "admins" WHERE "admins"."user_id" = 1 LIMIT 1[0m
  [1m[35mCACHE (0.0ms)[0m  SELECT "admins".* FROM "admins" WHERE "admins"."user_id" = 1 LIMIT 1
  [1m[36mCACHE (0.0ms)[0m  [1mSELECT "admins".* FROM "admins" WHERE "admins"."user_id" = 1 LIMIT 1[0m
  [1m[35mCACHE (0.0ms)[0m  SELECT "admins".* FROM "admins" WHERE "admins"."user_id" = 1 LIMIT 1
Completed 200 OK in 25ms (Views: 19.3ms | ActiveRecord: 0.5ms)


Started GET "/assets/companies.css?body=1" for 127.0.0.1 at 2012-05-15 21:08:39 +0200
Served asset /companies.css - 304 Not Modified (0ms)


Started GET "/assets/contract_types.css?body=1" for 127.0.0.1 at 2012-05-15 21:08:39 +0200
Served asset /contract_types.css - 304 Not Modified (2ms)


Started GET "/assets/application.css?body=1" for 127.0.0.1 at 2012-05-15 21:08:39 +0200
Served asset /application.css - 304 Not Modified (3ms)


Started GET "/assets/absences.css?body=1" for 127.0.0.1 at 2012-05-15 21:08:39 +0200
Served asset /absences.css - 304 Not Modified (0ms)


Started GET "/assets/contracts.css?body=1" for 127.0.0.1 at 2012-05-15 21:08:39 +0200
Served asset /contracts.css - 304 Not Modified (0ms)


Started GET "/assets/klasses.css?body=1" for 127.0.0.1 at 2012-05-15 21:08:39 +0200
Served asset /klasses.css - 304 Not Modified (1ms)


Started GET "/assets/bootstrap_and_overrides.css?body=1" for 127.0.0.1 at 2012-05-15 21:08:39 +0200
Served asset /bootstrap_and_overrides.css - 304 Not Modified (30ms)


Started GET "/assets/lessons.css?body=1" for 127.0.0.1 at 2012-05-15 21:08:39 +0200
Served asset /lessons.css - 304 Not Modified (1ms)


Started GET "/assets/rooms.css?body=1" for 127.0.0.1 at 2012-05-15 21:08:39 +0200
Served asset /rooms.css - 304 Not Modified (0ms)


Started GET "/assets/students.css?body=1" for 127.0.0.1 at 2012-05-15 21:08:39 +0200
Served asset /students.css - 304 Not Modified (0ms)


Started GET "/assets/subjects.css?body=1" for 127.0.0.1 at 2012-05-15 21:08:39 +0200
Served asset /subjects.css - 304 Not Modified (0ms)


Started GET "/assets/supervisors.css?body=1" for 127.0.0.1 at 2012-05-15 21:08:39 +0200
Served asset /supervisors.css - 304 Not Modified (0ms)


Started GET "/assets/twitter/bootstrap/bootstrap-alert.js?body=1" for 127.0.0.1 at 2012-05-15 21:08:39 +0200
Served asset /twitter/bootstrap/bootstrap-alert.js - 304 Not Modified (0ms)


Started GET "/assets/twitter/bootstrap/bootstrap-modal.js?body=1" for 127.0.0.1 at 2012-05-15 21:08:39 +0200
Served asset /twitter/bootstrap/bootstrap-modal.js - 304 Not Modified (0ms)


Started GET "/assets/teachers.css?body=1" for 127.0.0.1 at 2012-05-15 21:08:39 +0200
Served asset /teachers.css - 304 Not Modified (0ms)


Started GET "/assets/twitter/bootstrap/bootstrap-scrollspy.js?body=1" for 127.0.0.1 at 2012-05-15 21:08:39 +0200
Served asset /twitter/bootstrap/bootstrap-scrollspy.js - 304 Not Modified (0ms)


Started GET "/assets/twitter/bootstrap/bootstrap-transition.js?body=1" for 127.0.0.1 at 2012-05-15 21:08:39 +0200
Served asset /twitter/bootstrap/bootstrap-transition.js - 304 Not Modified (0ms)


Started GET "/assets/twitter/bootstrap/bootstrap-dropdown.js?body=1" for 127.0.0.1 at 2012-05-15 21:08:39 +0200
Served asset /twitter/bootstrap/bootstrap-dropdown.js - 304 Not Modified (0ms)


Started GET "/assets/twitter/bootstrap/bootstrap-tab.js?body=1" for 127.0.0.1 at 2012-05-15 21:08:39 +0200
Served asset /twitter/bootstrap/bootstrap-tab.js - 304 Not Modified (0ms)


Started GET "/assets/twitter/bootstrap/bootstrap-tooltip.js?body=1" for 127.0.0.1 at 2012-05-15 21:08:39 +0200
Served asset /twitter/bootstrap/bootstrap-tooltip.js - 304 Not Modified (0ms)


Started GET "/assets/twitter/bootstrap/bootstrap-button.js?body=1" for 127.0.0.1 at 2012-05-15 21:08:39 +0200
Served asset /twitter/bootstrap/bootstrap-button.js - 304 Not Modified (0ms)


Started GET "/assets/twitter/bootstrap/bootstrap-collapse.js?body=1" for 127.0.0.1 at 2012-05-15 21:08:39 +0200
Served asset /twitter/bootstrap/bootstrap-collapse.js - 304 Not Modified (0ms)


Started GET "/assets/twitter/bootstrap/bootstrap-popover.js?body=1" for 127.0.0.1 at 2012-05-15 21:08:39 +0200
Served asset /twitter/bootstrap/bootstrap-popover.js - 304 Not Modified (0ms)


Started GET "/assets/twitter/bootstrap.js?body=1" for 127.0.0.1 at 2012-05-15 21:08:39 +0200
Served asset /twitter/bootstrap.js - 304 Not Modified (0ms)


Started GET "/assets/twitter/bootstrap/bootstrap-typeahead.js?body=1" for 127.0.0.1 at 2012-05-15 21:08:39 +0200
Served asset /twitter/bootstrap/bootstrap-typeahead.js - 304 Not Modified (0ms)


Started GET "/assets/absences.js?body=1" for 127.0.0.1 at 2012-05-15 21:08:39 +0200
Served asset /absences.js - 304 Not Modified (0ms)


Started GET "/assets/twitter/bootstrap/bootstrap-carousel.js?body=1" for 127.0.0.1 at 2012-05-15 21:08:39 +0200
Served asset /twitter/bootstrap/bootstrap-carousel.js - 304 Not Modified (0ms)


Started GET "/assets/bootstrap.js?body=1" for 127.0.0.1 at 2012-05-15 21:08:39 +0200
Served asset /bootstrap.js - 304 Not Modified (0ms)


Started GET "/assets/companies.js?body=1" for 127.0.0.1 at 2012-05-15 21:08:39 +0200
Served asset /companies.js - 304 Not Modified (1ms)


Started GET "/assets/contract_types.js?body=1" for 127.0.0.1 at 2012-05-15 21:08:39 +0200
Served asset /contract_types.js - 304 Not Modified (0ms)


Started GET "/assets/contracts.js?body=1" for 127.0.0.1 at 2012-05-15 21:08:39 +0200
Served asset /contracts.js - 304 Not Modified (2ms)


Started GET "/assets/klasses.js?body=1" for 127.0.0.1 at 2012-05-15 21:08:39 +0200
Served asset /klasses.js - 304 Not Modified (1ms)


Started GET "/assets/lessons.js?body=1" for 127.0.0.1 at 2012-05-15 21:08:39 +0200
Served asset /lessons.js - 304 Not Modified (0ms)


Started GET "/assets/rooms.js?body=1" for 127.0.0.1 at 2012-05-15 21:08:39 +0200
Served asset /rooms.js - 304 Not Modified (0ms)


Started GET "/assets/students.js?body=1" for 127.0.0.1 at 2012-05-15 21:08:39 +0200
Served asset /students.js - 304 Not Modified (0ms)


Started GET "/assets/subjects.js?body=1" for 127.0.0.1 at 2012-05-15 21:08:39 +0200
Served asset /subjects.js - 304 Not Modified (1ms)


Started GET "/assets/supervisors.js?body=1" for 127.0.0.1 at 2012-05-15 21:08:39 +0200
Served asset /supervisors.js - 304 Not Modified (0ms)


Started GET "/assets/teachers.js?body=1" for 127.0.0.1 at 2012-05-15 21:08:39 +0200
Served asset /teachers.js - 304 Not Modified (0ms)


Started GET "/assets/application.js?body=1" for 127.0.0.1 at 2012-05-15 21:08:39 +0200
Served asset /application.js - 304 Not Modified (1ms)


Started GET "/teachers" for 127.0.0.1 at 2012-05-15 21:08:39 +0200
Processing by TeachersController#index as HTML
  [1m[36mUser Load (0.1ms)[0m  [1mSELECT "users".* FROM "users" WHERE "users"."id" = 1 LIMIT 1[0m
  [1m[35mTeacher Load (0.1ms)[0m  SELECT "teachers".* FROM "teachers" 
  Rendered teachers/index.html.erb within layouts/application (0.3ms)
  [1m[36mAdmin Load (0.1ms)[0m  [1mSELECT "admins".* FROM "admins" WHERE "admins"."user_id" = 1 LIMIT 1[0m
  [1m[35mCACHE (0.0ms)[0m  SELECT "admins".* FROM "admins" WHERE "admins"."user_id" = 1 LIMIT 1
  [1m[36mCACHE (0.0ms)[0m  [1mSELECT "admins".* FROM "admins" WHERE "admins"."user_id" = 1 LIMIT 1[0m
  [1m[35mCACHE (0.0ms)[0m  SELECT "admins".* FROM "admins" WHERE "admins"."user_id" = 1 LIMIT 1
Completed 200 OK in 17ms (Views: 15.8ms | ActiveRecord: 0.3ms)


Started GET "/assets/contracts.css?body=1" for 127.0.0.1 at 2012-05-15 21:08:39 +0200
Served asset /contracts.css - 304 Not Modified (0ms)


Started GET "/assets/contract_types.css?body=1" for 127.0.0.1 at 2012-05-15 21:08:39 +0200
Served asset /contract_types.css - 304 Not Modified (0ms)


Started GET "/assets/bootstrap_and_overrides.css?body=1" for 127.0.0.1 at 2012-05-15 21:08:39 +0200
Served asset /bootstrap_and_overrides.css - 304 Not Modified (1ms)


Started GET "/assets/companies.css?body=1" for 127.0.0.1 at 2012-05-15 21:08:39 +0200
Served asset /companies.css - 304 Not Modified (0ms)


Started GET "/assets/absences.css?body=1" for 127.0.0.1 at 2012-05-15 21:08:39 +0200
Served asset /absences.css - 304 Not Modified (31ms)


Started GET "/assets/application.css?body=1" for 127.0.0.1 at 2012-05-15 21:08:40 +0200
Served asset /application.css - 304 Not Modified (6ms)


Started GET "/assets/klasses.css?body=1" for 127.0.0.1 at 2012-05-15 21:08:40 +0200
Served asset /klasses.css - 304 Not Modified (0ms)


Started GET "/assets/lessons.css?body=1" for 127.0.0.1 at 2012-05-15 21:08:40 +0200
Served asset /lessons.css - 304 Not Modified (0ms)


Started GET "/assets/rooms.css?body=1" for 127.0.0.1 at 2012-05-15 21:08:40 +0200
Served asset /rooms.css - 304 Not Modified (0ms)


Started GET "/assets/students.css?body=1" for 127.0.0.1 at 2012-05-15 21:08:40 +0200
Served asset /students.css - 304 Not Modified (0ms)


Started GET "/assets/subjects.css?body=1" for 127.0.0.1 at 2012-05-15 21:08:40 +0200
Served asset /subjects.css - 304 Not Modified (0ms)


Started GET "/assets/supervisors.css?body=1" for 127.0.0.1 at 2012-05-15 21:08:40 +0200
Served asset /supervisors.css - 304 Not Modified (0ms)


Started GET "/assets/teachers.css?body=1" for 127.0.0.1 at 2012-05-15 21:08:40 +0200
Served asset /teachers.css - 304 Not Modified (1ms)


Started GET "/assets/twitter/bootstrap/bootstrap-transition.js?body=1" for 127.0.0.1 at 2012-05-15 21:08:40 +0200
Served asset /twitter/bootstrap/bootstrap-transition.js - 304 Not Modified (0ms)


Started GET "/assets/twitter/bootstrap/bootstrap-alert.js?body=1" for 127.0.0.1 at 2012-05-15 21:08:40 +0200
Served asset /twitter/bootstrap/bootstrap-alert.js - 304 Not Modified (0ms)


Started GET "/assets/twitter/bootstrap/bootstrap-modal.js?body=1" for 127.0.0.1 at 2012-05-15 21:08:40 +0200
Served asset /twitter/bootstrap/bootstrap-modal.js - 304 Not Modified (0ms)


Started GET "/assets/twitter/bootstrap/bootstrap-dropdown.js?body=1" for 127.0.0.1 at 2012-05-15 21:08:40 +0200
Served asset /twitter/bootstrap/bootstrap-dropdown.js - 304 Not Modified (0ms)


Started GET "/assets/twitter/bootstrap/bootstrap-scrollspy.js?body=1" for 127.0.0.1 at 2012-05-15 21:08:40 +0200
Served asset /twitter/bootstrap/bootstrap-scrollspy.js - 304 Not Modified (0ms)


Started GET "/assets/twitter/bootstrap/bootstrap-popover.js?body=1" for 127.0.0.1 at 2012-05-15 21:08:40 +0200
Served asset /twitter/bootstrap/bootstrap-popover.js - 304 Not Modified (0ms)


Started GET "/assets/twitter/bootstrap/bootstrap-tab.js?body=1" for 127.0.0.1 at 2012-05-15 21:08:40 +0200
Served asset /twitter/bootstrap/bootstrap-tab.js - 304 Not Modified (0ms)


Started GET "/assets/twitter/bootstrap/bootstrap-collapse.js?body=1" for 127.0.0.1 at 2012-05-15 21:08:40 +0200
Served asset /twitter/bootstrap/bootstrap-collapse.js - 304 Not Modified (0ms)


Started GET "/assets/twitter/bootstrap/bootstrap-button.js?body=1" for 127.0.0.1 at 2012-05-15 21:08:40 +0200
Served asset /twitter/bootstrap/bootstrap-button.js - 304 Not Modified (0ms)


Started GET "/assets/twitter/bootstrap/bootstrap-tooltip.js?body=1" for 127.0.0.1 at 2012-05-15 21:08:40 +0200
Served asset /twitter/bootstrap/bootstrap-tooltip.js - 304 Not Modified (0ms)


Started GET "/assets/twitter/bootstrap/bootstrap-typeahead.js?body=1" for 127.0.0.1 at 2012-05-15 21:08:40 +0200
Served asset /twitter/bootstrap/bootstrap-typeahead.js - 304 Not Modified (0ms)


Started GET "/assets/twitter/bootstrap/bootstrap-carousel.js?body=1" for 127.0.0.1 at 2012-05-15 21:08:40 +0200
Served asset /twitter/bootstrap/bootstrap-carousel.js - 304 Not Modified (0ms)


Started GET "/assets/twitter/bootstrap.js?body=1" for 127.0.0.1 at 2012-05-15 21:08:40 +0200
Served asset /twitter/bootstrap.js - 304 Not Modified (0ms)


Started GET "/assets/absences.js?body=1" for 127.0.0.1 at 2012-05-15 21:08:40 +0200
Served asset /absences.js - 304 Not Modified (0ms)


Started GET "/assets/bootstrap.js?body=1" for 127.0.0.1 at 2012-05-15 21:08:40 +0200
Served asset /bootstrap.js - 304 Not Modified (1ms)


Started GET "/assets/companies.js?body=1" for 127.0.0.1 at 2012-05-15 21:08:40 +0200
Served asset /companies.js - 304 Not Modified (0ms)


Started GET "/assets/contract_types.js?body=1" for 127.0.0.1 at 2012-05-15 21:08:40 +0200
Served asset /contract_types.js - 304 Not Modified (0ms)


Started GET "/assets/contracts.js?body=1" for 127.0.0.1 at 2012-05-15 21:08:40 +0200
Served asset /contracts.js - 304 Not Modified (0ms)


Started GET "/assets/klasses.js?body=1" for 127.0.0.1 at 2012-05-15 21:08:40 +0200
Served asset /klasses.js - 304 Not Modified (1ms)


Started GET "/assets/lessons.js?body=1" for 127.0.0.1 at 2012-05-15 21:08:40 +0200
Served asset /lessons.js - 304 Not Modified (1ms)


Started GET "/assets/rooms.js?body=1" for 127.0.0.1 at 2012-05-15 21:08:40 +0200
Served asset /rooms.js - 304 Not Modified (0ms)


Started GET "/assets/students.js?body=1" for 127.0.0.1 at 2012-05-15 21:08:40 +0200
Served asset /students.js - 304 Not Modified (0ms)


Started GET "/assets/subjects.js?body=1" for 127.0.0.1 at 2012-05-15 21:08:40 +0200
Served asset /subjects.js - 304 Not Modified (0ms)


Started GET "/assets/supervisors.js?body=1" for 127.0.0.1 at 2012-05-15 21:08:40 +0200
Served asset /supervisors.js - 304 Not Modified (0ms)


Started GET "/assets/teachers.js?body=1" for 127.0.0.1 at 2012-05-15 21:08:40 +0200
Served asset /teachers.js - 304 Not Modified (0ms)


Started GET "/assets/application.js?body=1" for 127.0.0.1 at 2012-05-15 21:08:40 +0200
Served asset /application.js - 304 Not Modified (1ms)
